23:31:20 **** Clean-only build of configuration Debug for project CommunicationSlave ****
make -j32 clean 
rm -rf ./Drivers/STM32F4xx_HAL_Driver/Src/stm32f4xx_hal.cyclo ./Drivers/STM32F4xx_HAL_Driver/Src/stm32f4xx_hal.d ./Drivers/STM32F4xx_HAL_Driver/Src/stm32f4xx_hal.o ./Drivers/STM32F4xx_HAL_Driver/Src/stm32f4xx_hal.su ./Drivers/STM32F4xx_HAL_Driver/Src/stm32f4xx_hal_adc.cyclo ./Drivers/STM32F4xx_HAL_Driver/Src/stm32f4xx_hal_adc.d ./Drivers/STM32F4xx_HAL_Driver/Src/stm32f4xx_hal_adc.o ./Drivers/STM32F4xx_HAL_Driver/Src/stm32f4xx_hal_adc.su ./Drivers/STM32F4xx_HAL_Driver/Src/stm32f4xx_hal_adc_ex.cyclo ./Drivers/STM32F4xx_HAL_Driver/Src/stm32f4xx_hal_adc_ex.d ./Drivers/STM32F4xx_HAL_Driver/Src/stm32f4xx_hal_adc_ex.o ./Drivers/STM32F4xx_HAL_Driver/Src/stm32f4xx_hal_adc_ex.su ./Drivers/STM32F4xx_HAL_Driver/Src/stm32f4xx_hal_cortex.cyclo ./Drivers/STM32F4xx_HAL_Driver/Src/stm32f4xx_hal_cortex.d ./Drivers/STM32F4xx_HAL_Driver/Src/stm32f4xx_hal_cortex.o ./Drivers/STM32F4xx_HAL_Driver/Src/stm32f4xx_hal_cortex.su ./Drivers/STM32F4xx_HAL_Driver/Src/stm32f4xx_hal_dma.cyclo ./Drivers/STM32F4xx_HAL_Driver/Src/stm32f4xx_hal_dma.d ./Drivers/STM32F4xx_HAL_Driver/Src/stm32f4xx_hal_dma.o ./Drivers/STM32F4xx_HAL_Driver/Src/stm32f4xx_hal_dma.su ./Drivers/STM32F4xx_HAL_Driver/Src/stm32f4xx_hal_dma_ex.cyclo ./Drivers/STM32F4xx_HAL_Driver/Src/stm32f4xx_hal_dma_ex.d ./Drivers/STM32F4xx_HAL_Driver/Src/stm32f4xx_hal_dma_ex.o ./Drivers/STM32F4xx_HAL_Driver/Src/stm32f4xx_hal_dma_ex.su ./Drivers/STM32F4xx_HAL_Driver/Src/stm32f4xx_hal_exti.cyclo ./Drivers/STM32F4xx_HAL_Driver/Src/stm32f4xx_hal_exti.d ./Drivers/STM32F4xx_HAL_Driver/Src/stm32f4xx_hal_exti.o ./Drivers/STM32F4xx_HAL_Driver/Src/stm32f4xx_hal_exti.su ./Drivers/STM32F4xx_HAL_Driver/Src/stm32f4xx_hal_flash.cyclo ./Drivers/STM32F4xx_HAL_Driver/Src/stm32f4xx_hal_flash.d ./Drivers/STM32F4xx_HAL_Driver/Src/stm32f4xx_hal_flash.o ./Drivers/STM32F4xx_HAL_Driver/Src/stm32f4xx_hal_flash.su ./Drivers/STM32F4xx_HAL_Driver/Src/stm32f4xx_hal_flash_ex.cyclo ./Drivers/STM32F4xx_HAL_Driver/Src/stm32f4xx_hal_flash_ex.d ./Drivers/STM32F4xx_HAL_Driver/Src/stm32f4xx_hal_flash_ex.o ./Drivers/STM32F4xx_HAL_Driver/Src/stm32f4xx_hal_flash_ex.su ./Drivers/STM32F4xx_HAL_Driver/Src/stm32f4xx_hal_flash_ramfunc.cyclo ./Drivers/STM32F4xx_HAL_Driver/Src/stm32f4xx_hal_flash_ramfunc.d ./Drivers/STM32F4xx_HAL_Driver/Src/stm32f4xx_hal_flash_ramfunc.o ./Drivers/STM32F4xx_HAL_Driver/Src/stm32f4xx_hal_flash_ramfunc.su ./Drivers/STM32F4xx_HAL_Driver/Src/stm32f4xx_hal_gpio.cyclo ./Drivers/STM32F4xx_HAL_Driver/Src/stm32f4xx_hal_gpio.d ./Drivers/STM32F4xx_HAL_Driver/Src/stm32f4xx_hal_gpio.o ./Drivers/STM32F4xx_HAL_Driver/Src/stm32f4xx_hal_gpio.su ./Drivers/STM32F4xx_HAL_Driver/Src/stm32f4xx_hal_pwr.cyclo ./Drivers/STM32F4xx_HAL_Driver/Src/stm32f4xx_hal_pwr.d ./Drivers/STM32F4xx_HAL_Driver/Src/stm32f4xx_hal_pwr.o ./Drivers/STM32F4xx_HAL_Driver/Src/stm32f4xx_hal_pwr.su ./Drivers/STM32F4xx_HAL_Driver/Src/stm32f4xx_hal_pwr_ex.cyclo ./Drivers/STM32F4xx_HAL_Driver/Src/stm32f4xx_hal_pwr_ex.d ./Drivers/STM32F4xx_HAL_Driver/Src/stm32f4xx_hal_pwr_ex.o ./Drivers/STM32F4xx_HAL_Driver/Src/stm32f4xx_hal_pwr_ex.su ./Drivers/STM32F4xx_HAL_Driver/Src/stm32f4xx_hal_rcc.cyclo ./Drivers/STM32F4xx_HAL_Driver/Src/stm32f4xx_hal_rcc.d ./Drivers/STM32F4xx_HAL_Driver/Src/stm32f4xx_hal_rcc.o ./Drivers/STM32F4xx_HAL_Driver/Src/stm32f4xx_hal_rcc.su ./Drivers/STM32F4xx_HAL_Driver/Src/stm32f4xx_hal_rcc_ex.cyclo ./Drivers/STM32F4xx_HAL_Driver/Src/stm32f4xx_hal_rcc_ex.d ./Drivers/STM32F4xx_HAL_Driver/Src/stm32f4xx_hal_rcc_ex.o ./Drivers/STM32F4xx_HAL_Driver/Src/stm32f4xx_hal_rcc_ex.su ./Drivers/STM32F4xx_HAL_Driver/Src/stm32f4xx_hal_spi.cyclo ./Drivers/STM32F4xx_HAL_Driver/Src/stm32f4xx_hal_spi.d ./Drivers/STM32F4xx_HAL_Driver/Src/stm32f4xx_hal_spi.o ./Drivers/STM32F4xx_HAL_Driver/Src/stm32f4xx_hal_spi.su ./Drivers/STM32F4xx_HAL_Driver/Src/stm32f4xx_hal_tim.cyclo ./Drivers/STM32F4xx_HAL_Driver/Src/stm32f4xx_hal_tim.d ./Drivers/STM32F4xx_HAL_Driver/Src/stm32f4xx_hal_tim.o ./Drivers/STM32F4xx_HAL_Driver/Src/stm32f4xx_hal_tim.su ./Drivers/STM32F4xx_HAL_Driver/Src/stm32f4xx_hal_tim_ex.cyclo ./Drivers/STM32F4xx_HAL_Driver/Src/stm32f4xx_hal_tim_ex.d ./Drivers/STM32F4xx_HAL_Driver/Src/stm32f4xx_hal_tim_ex.o ./Drivers/STM32F4xx_HAL_Driver/Src/stm32f4xx_hal_tim_ex.su ./Drivers/STM32F4xx_HAL_Driver/Src/stm32f4xx_hal_uart.cyclo ./Drivers/STM32F4xx_HAL_Driver/Src/stm32f4xx_hal_uart.d ./Drivers/STM32F4xx_HAL_Driver/Src/stm32f4xx_hal_uart.o ./Drivers/STM32F4xx_HAL_Driver/Src/stm32f4xx_hal_uart.su ./Drivers/STM32F4xx_HAL_Driver/Src/stm32f4xx_ll_adc.cyclo ./Drivers/STM32F4xx_HAL_Driver/Src/stm32f4xx_ll_adc.d ./Drivers/STM32F4xx_HAL_Driver/Src/stm32f4xx_ll_adc.o ./Drivers/STM32F4xx_HAL_Driver/Src/stm32f4xx_ll_adc.su
rm -rf ./Core/Startup/startup_stm32f401retx.d ./Core/Startup/startup_stm32f401retx.o
rm -rf ./Core/Src/main.cyclo ./Core/Src/main.d ./Core/Src/main.o ./Core/Src/main.su ./Core/Src/stm32f4xx_hal_msp.cyclo ./Core/Src/stm32f4xx_hal_msp.d ./Core/Src/stm32f4xx_hal_msp.o ./Core/Src/stm32f4xx_hal_msp.su ./Core/Src/stm32f4xx_it.cyclo ./Core/Src/stm32f4xx_it.d ./Core/Src/stm32f4xx_it.o ./Core/Src/stm32f4xx_it.su ./Core/Src/syscalls.cyclo ./Core/Src/syscalls.d ./Core/Src/syscalls.o ./Core/Src/syscalls.su ./Core/Src/sysmem.cyclo ./Core/Src/sysmem.d ./Core/Src/sysmem.o ./Core/Src/sysmem.su ./Core/Src/system_stm32f4xx.cyclo ./Core/Src/system_stm32f4xx.d ./Core/Src/system_stm32f4xx.o ./Core/Src/system_stm32f4xx.su
rm -rf CommunicationSlave.elf CommunicationSlave.list CommunicationSlave.map default.size.stdout
 
23:31:21 **** Build of configuration Debug for project CommunicationSlave ****
make -j32 all 
arm-none-eabi-gcc "../Drivers/STM32F4xx_HAL_Driver/Src/stm32f4xx_hal.c" -mcpu=cortex-m4 -std=gnu11 -g3 -DDEBUG -DUSE_HAL_DRIVER -DSTM32F401xE -c -I../Core/Inc -I../Drivers/STM32F4xx_HAL_Driver/Inc -I../Drivers/STM32F4xx_HAL_Driver/Inc/Legacy -I../Drivers/CMSIS/Device/ST/STM32F4xx/Include -I../Drivers/CMSIS/Include -O0 -ffunction-sections -fdata-sections -Wall -fstack-usage -fcyclomatic-complexity -MMD -MP -MF"Drivers/STM32F4xx_HAL_Driver/Src/stm32f4xx_hal.d" -MT"Drivers/STM32F4xx_HAL_Driver/Src/stm32f4xx_hal.o" --specs=nano.specs -mfpu=fpv4-sp-d16 -mfloat-abi=hard -mthumb -o "Drivers/STM32F4xx_HAL_Driver/Src/stm32f4xx_hal.o"
arm-none-eabi-gcc "../Drivers/STM32F4xx_HAL_Driver/Src/stm32f4xx_hal_adc.c" -mcpu=cortex-m4 -std=gnu11 -g3 -DDEBUG -DUSE_HAL_DRIVER -DSTM32F401xE -c -I../Core/Inc -I../Drivers/STM32F4xx_HAL_Driver/Inc -I../Drivers/STM32F4xx_HAL_Driver/Inc/Legacy -I../Drivers/CMSIS/Device/ST/STM32F4xx/Include -I../Drivers/CMSIS/Include -O0 -ffunction-sections -fdata-sections -Wall -fstack-usage -fcyclomatic-complexity -MMD -MP -MF"Drivers/STM32F4xx_HAL_Driver/Src/stm32f4xx_hal_adc.d" -MT"Drivers/STM32F4xx_HAL_Driver/Src/stm32f4xx_hal_adc.o" --specs=nano.specs -mfpu=fpv4-sp-d16 -mfloat-abi=hard -mthumb -o "Drivers/STM32F4xx_HAL_Driver/Src/stm32f4xx_hal_adc.o"
arm-none-eabi-gcc "../Drivers/STM32F4xx_HAL_Driver/Src/stm32f4xx_hal_adc_ex.c" -mcpu=cortex-m4 -std=gnu11 -g3 -DDEBUG -DUSE_HAL_DRIVER -DSTM32F401xE -c -I../Core/Inc -I../Drivers/STM32F4xx_HAL_Driver/Inc -I../Drivers/STM32F4xx_HAL_Driver/Inc/Legacy -I../Drivers/CMSIS/Device/ST/STM32F4xx/Include -I../Drivers/CMSIS/Include -O0 -ffunction-sections -fdata-sections -Wall -fstack-usage -fcyclomatic-complexity -MMD -MP -MF"Drivers/STM32F4xx_HAL_Driver/Src/stm32f4xx_hal_adc_ex.d" -MT"Drivers/STM32F4xx_HAL_Driver/Src/stm32f4xx_hal_adc_ex.o" --specs=nano.specs -mfpu=fpv4-sp-d16 -mfloat-abi=hard -mthumb -o "Drivers/STM32F4xx_HAL_Driver/Src/stm32f4xx_hal_adc_ex.o"
arm-none-eabi-gcc "../Drivers/STM32F4xx_HAL_Driver/Src/stm32f4xx_hal_cortex.c" -mcpu=cortex-m4 -std=gnu11 -g3 -DDEBUG -DUSE_HAL_DRIVER -DSTM32F401xE -c -I../Core/Inc -I../Drivers/STM32F4xx_HAL_Driver/Inc -I../Drivers/STM32F4xx_HAL_Driver/Inc/Legacy -I../Drivers/CMSIS/Device/ST/STM32F4xx/Include -I../Drivers/CMSIS/Include -O0 -ffunction-sections -fdata-sections -Wall -fstack-usage -fcyclomatic-complexity -MMD -MP -MF"Drivers/STM32F4xx_HAL_Driver/Src/stm32f4xx_hal_cortex.d" -MT"Drivers/STM32F4xx_HAL_Driver/Src/stm32f4xx_hal_cortex.o" --specs=nano.specs -mfpu=fpv4-sp-d16 -mfloat-abi=hard -mthumb -o "Drivers/STM32F4xx_HAL_Driver/Src/stm32f4xx_hal_cortex.o"
arm-none-eabi-gcc "../Drivers/STM32F4xx_HAL_Driver/Src/stm32f4xx_hal_dma.c" -mcpu=cortex-m4 -std=gnu11 -g3 -DDEBUG -DUSE_HAL_DRIVER -DSTM32F401xE -c -I../Core/Inc -I../Drivers/STM32F4xx_HAL_Driver/Inc -I../Drivers/STM32F4xx_HAL_Driver/Inc/Legacy -I../Drivers/CMSIS/Device/ST/STM32F4xx/Include -I../Drivers/CMSIS/Include -O0 -ffunction-sections -fdata-sections -Wall -fstack-usage -fcyclomatic-complexity -MMD -MP -MF"Drivers/STM32F4xx_HAL_Driver/Src/stm32f4xx_hal_dma.d" -MT"Drivers/STM32F4xx_HAL_Driver/Src/stm32f4xx_hal_dma.o" --specs=nano.specs -mfpu=fpv4-sp-d16 -mfloat-abi=hard -mthumb -o "Drivers/STM32F4xx_HAL_Driver/Src/stm32f4xx_hal_dma.o"
arm-none-eabi-gcc "../Drivers/STM32F4xx_HAL_Driver/Src/stm32f4xx_hal_dma_ex.c" -mcpu=cortex-m4 -std=gnu11 -g3 -DDEBUG -DUSE_HAL_DRIVER -DSTM32F401xE -c -I../Core/Inc -I../Drivers/STM32F4xx_HAL_Driver/Inc -I../Drivers/STM32F4xx_HAL_Driver/Inc/Legacy -I../Drivers/CMSIS/Device/ST/STM32F4xx/Include -I../Drivers/CMSIS/Include -O0 -ffunction-sections -fdata-sections -Wall -fstack-usage -fcyclomatic-complexity -MMD -MP -MF"Drivers/STM32F4xx_HAL_Driver/Src/stm32f4xx_hal_dma_ex.d" -MT"Drivers/STM32F4xx_HAL_Driver/Src/stm32f4xx_hal_dma_ex.o" --specs=nano.specs -mfpu=fpv4-sp-d16 -mfloat-abi=hard -mthumb -o "Drivers/STM32F4xx_HAL_Driver/Src/stm32f4xx_hal_dma_ex.o"
arm-none-eabi-gcc "../Drivers/STM32F4xx_HAL_Driver/Src/stm32f4xx_hal_exti.c" -mcpu=cortex-m4 -std=gnu11 -g3 -DDEBUG -DUSE_HAL_DRIVER -DSTM32F401xE -c -I../Core/Inc -I../Drivers/STM32F4xx_HAL_Driver/Inc -I../Drivers/STM32F4xx_HAL_Driver/Inc/Legacy -I../Drivers/CMSIS/Device/ST/STM32F4xx/Include -I../Drivers/CMSIS/Include -O0 -ffunction-sections -fdata-sections -Wall -fstack-usage -fcyclomatic-complexity -MMD -MP -MF"Drivers/STM32F4xx_HAL_Driver/Src/stm32f4xx_hal_exti.d" -MT"Drivers/STM32F4xx_HAL_Driver/Src/stm32f4xx_hal_exti.o" --specs=nano.specs -mfpu=fpv4-sp-d16 -mfloat-abi=hard -mthumb -o "Drivers/STM32F4xx_HAL_Driver/Src/stm32f4xx_hal_exti.o"
arm-none-eabi-gcc "../Drivers/STM32F4xx_HAL_Driver/Src/stm32f4xx_hal_flash.c" -mcpu=cortex-m4 -std=gnu11 -g3 -DDEBUG -DUSE_HAL_DRIVER -DSTM32F401xE -c -I../Core/Inc -I../Drivers/STM32F4xx_HAL_Driver/Inc -I../Drivers/STM32F4xx_HAL_Driver/Inc/Legacy -I../Drivers/CMSIS/Device/ST/STM32F4xx/Include -I../Drivers/CMSIS/Include -O0 -ffunction-sections -fdata-sections -Wall -fstack-usage -fcyclomatic-complexity -MMD -MP -MF"Drivers/STM32F4xx_HAL_Driver/Src/stm32f4xx_hal_flash.d" -MT"Drivers/STM32F4xx_HAL_Driver/Src/stm32f4xx_hal_flash.o" --specs=nano.specs -mfpu=fpv4-sp-d16 -mfloat-abi=hard -mthumb -o "Drivers/STM32F4xx_HAL_Driver/Src/stm32f4xx_hal_flash.o"
arm-none-eabi-gcc "../Drivers/STM32F4xx_HAL_Driver/Src/stm32f4xx_hal_flash_ex.c" -mcpu=cortex-m4 -std=gnu11 -g3 -DDEBUG -DUSE_HAL_DRIVER -DSTM32F401xE -c -I../Core/Inc -I../Drivers/STM32F4xx_HAL_Driver/Inc -I../Drivers/STM32F4xx_HAL_Driver/Inc/Legacy -I../Drivers/CMSIS/Device/ST/STM32F4xx/Include -I../Drivers/CMSIS/Include -O0 -ffunction-sections -fdata-sections -Wall -fstack-usage -fcyclomatic-complexity -MMD -MP -MF"Drivers/STM32F4xx_HAL_Driver/Src/stm32f4xx_hal_flash_ex.d" -MT"Drivers/STM32F4xx_HAL_Driver/Src/stm32f4xx_hal_flash_ex.o" --specs=nano.specs -mfpu=fpv4-sp-d16 -mfloat-abi=hard -mthumb -o "Drivers/STM32F4xx_HAL_Driver/Src/stm32f4xx_hal_flash_ex.o"
arm-none-eabi-gcc "../Drivers/STM32F4xx_HAL_Driver/Src/stm32f4xx_hal_flash_ramfunc.c" -mcpu=cortex-m4 -std=gnu11 -g3 -DDEBUG -DUSE_HAL_DRIVER -DSTM32F401xE -c -I../Core/Inc -I../Drivers/STM32F4xx_HAL_Driver/Inc -I../Drivers/STM32F4xx_HAL_Driver/Inc/Legacy -I../Drivers/CMSIS/Device/ST/STM32F4xx/Include -I../Drivers/CMSIS/Include -O0 -ffunction-sections -fdata-sections -Wall -fstack-usage -fcyclomatic-complexity -MMD -MP -MF"Drivers/STM32F4xx_HAL_Driver/Src/stm32f4xx_hal_flash_ramfunc.d" -MT"Drivers/STM32F4xx_HAL_Driver/Src/stm32f4xx_hal_flash_ramfunc.o" --specs=nano.specs -mfpu=fpv4-sp-d16 -mfloat-abi=hard -mthumb -o "Drivers/STM32F4xx_HAL_Driver/Src/stm32f4xx_hal_flash_ramfunc.o"
arm-none-eabi-gcc "../Drivers/STM32F4xx_HAL_Driver/Src/stm32f4xx_hal_gpio.c" -mcpu=cortex-m4 -std=gnu11 -g3 -DDEBUG -DUSE_HAL_DRIVER -DSTM32F401xE -c -I../Core/Inc -I../Drivers/STM32F4xx_HAL_Driver/Inc -I../Drivers/STM32F4xx_HAL_Driver/Inc/Legacy -I../Drivers/CMSIS/Device/ST/STM32F4xx/Include -I../Drivers/CMSIS/Include -O0 -ffunction-sections -fdata-sections -Wall -fstack-usage -fcyclomatic-complexity -MMD -MP -MF"Drivers/STM32F4xx_HAL_Driver/Src/stm32f4xx_hal_gpio.d" -MT"Drivers/STM32F4xx_HAL_Driver/Src/stm32f4xx_hal_gpio.o" --specs=nano.specs -mfpu=fpv4-sp-d16 -mfloat-abi=hard -mthumb -o "Drivers/STM32F4xx_HAL_Driver/Src/stm32f4xx_hal_gpio.o"
arm-none-eabi-gcc "../Drivers/STM32F4xx_HAL_Driver/Src/stm32f4xx_hal_pwr.c" -mcpu=cortex-m4 -std=gnu11 -g3 -DDEBUG -DUSE_HAL_DRIVER -DSTM32F401xE -c -I../Core/Inc -I../Drivers/STM32F4xx_HAL_Driver/Inc -I../Drivers/STM32F4xx_HAL_Driver/Inc/Legacy -I../Drivers/CMSIS/Device/ST/STM32F4xx/Include -I../Drivers/CMSIS/Include -O0 -ffunction-sections -fdata-sections -Wall -fstack-usage -fcyclomatic-complexity -MMD -MP -MF"Drivers/STM32F4xx_HAL_Driver/Src/stm32f4xx_hal_pwr.d" -MT"Drivers/STM32F4xx_HAL_Driver/Src/stm32f4xx_hal_pwr.o" --specs=nano.specs -mfpu=fpv4-sp-d16 -mfloat-abi=hard -mthumb -o "Drivers/STM32F4xx_HAL_Driver/Src/stm32f4xx_hal_pwr.o"
arm-none-eabi-gcc "../Drivers/STM32F4xx_HAL_Driver/Src/stm32f4xx_hal_pwr_ex.c" -mcpu=cortex-m4 -std=gnu11 -g3 -DDEBUG -DUSE_HAL_DRIVER -DSTM32F401xE -c -I../Core/Inc -I../Drivers/STM32F4xx_HAL_Driver/Inc -I../Drivers/STM32F4xx_HAL_Driver/Inc/Legacy -I../Drivers/CMSIS/Device/ST/STM32F4xx/Include -I../Drivers/CMSIS/Include -O0 -ffunction-sections -fdata-sections -Wall -fstack-usage -fcyclomatic-complexity -MMD -MP -MF"Drivers/STM32F4xx_HAL_Driver/Src/stm32f4xx_hal_pwr_ex.d" -MT"Drivers/STM32F4xx_HAL_Driver/Src/stm32f4xx_hal_pwr_ex.o" --specs=nano.specs -mfpu=fpv4-sp-d16 -mfloat-abi=hard -mthumb -o "Drivers/STM32F4xx_HAL_Driver/Src/stm32f4xx_hal_pwr_ex.o"
arm-none-eabi-gcc "../Drivers/STM32F4xx_HAL_Driver/Src/stm32f4xx_hal_rcc.c" -mcpu=cortex-m4 -std=gnu11 -g3 -DDEBUG -DUSE_HAL_DRIVER -DSTM32F401xE -c -I../Core/Inc -I../Drivers/STM32F4xx_HAL_Driver/Inc -I../Drivers/STM32F4xx_HAL_Driver/Inc/Legacy -I../Drivers/CMSIS/Device/ST/STM32F4xx/Include -I../Drivers/CMSIS/Include -O0 -ffunction-sections -fdata-sections -Wall -fstack-usage -fcyclomatic-complexity -MMD -MP -MF"Drivers/STM32F4xx_HAL_Driver/Src/stm32f4xx_hal_rcc.d" -MT"Drivers/STM32F4xx_HAL_Driver/Src/stm32f4xx_hal_rcc.o" --specs=nano.specs -mfpu=fpv4-sp-d16 -mfloat-abi=hard -mthumb -o "Drivers/STM32F4xx_HAL_Driver/Src/stm32f4xx_hal_rcc.o"
arm-none-eabi-gcc "../Drivers/STM32F4xx_HAL_Driver/Src/stm32f4xx_hal_rcc_ex.c" -mcpu=cortex-m4 -std=gnu11 -g3 -DDEBUG -DUSE_HAL_DRIVER -DSTM32F401xE -c -I../Core/Inc -I../Drivers/STM32F4xx_HAL_Driver/Inc -I../Drivers/STM32F4xx_HAL_Driver/Inc/Legacy -I../Drivers/CMSIS/Device/ST/STM32F4xx/Include -I../Drivers/CMSIS/Include -O0 -ffunction-sections -fdata-sections -Wall -fstack-usage -fcyclomatic-complexity -MMD -MP -MF"Drivers/STM32F4xx_HAL_Driver/Src/stm32f4xx_hal_rcc_ex.d" -MT"Drivers/STM32F4xx_HAL_Driver/Src/stm32f4xx_hal_rcc_ex.o" --specs=nano.specs -mfpu=fpv4-sp-d16 -mfloat-abi=hard -mthumb -o "Drivers/STM32F4xx_HAL_Driver/Src/stm32f4xx_hal_rcc_ex.o"
arm-none-eabi-gcc "../Drivers/STM32F4xx_HAL_Driver/Src/stm32f4xx_hal_spi.c" -mcpu=cortex-m4 -std=gnu11 -g3 -DDEBUG -DUSE_HAL_DRIVER -DSTM32F401xE -c -I../Core/Inc -I../Drivers/STM32F4xx_HAL_Driver/Inc -I../Drivers/STM32F4xx_HAL_Driver/Inc/Legacy -I../Drivers/CMSIS/Device/ST/STM32F4xx/Include -I../Drivers/CMSIS/Include -O0 -ffunction-sections -fdata-sections -Wall -fstack-usage -fcyclomatic-complexity -MMD -MP -MF"Drivers/STM32F4xx_HAL_Driver/Src/stm32f4xx_hal_spi.d" -MT"Drivers/STM32F4xx_HAL_Driver/Src/stm32f4xx_hal_spi.o" --specs=nano.specs -mfpu=fpv4-sp-d16 -mfloat-abi=hard -mthumb -o "Drivers/STM32F4xx_HAL_Driver/Src/stm32f4xx_hal_spi.o"
arm-none-eabi-gcc "../Drivers/STM32F4xx_HAL_Driver/Src/stm32f4xx_hal_tim.c" -mcpu=cortex-m4 -std=gnu11 -g3 -DDEBUG -DUSE_HAL_DRIVER -DSTM32F401xE -c -I../Core/Inc -I../Drivers/STM32F4xx_HAL_Driver/Inc -I../Drivers/STM32F4xx_HAL_Driver/Inc/Legacy -I../Drivers/CMSIS/Device/ST/STM32F4xx/Include -I../Drivers/CMSIS/Include -O0 -ffunction-sections -fdata-sections -Wall -fstack-usage -fcyclomatic-complexity -MMD -MP -MF"Drivers/STM32F4xx_HAL_Driver/Src/stm32f4xx_hal_tim.d" -MT"Drivers/STM32F4xx_HAL_Driver/Src/stm32f4xx_hal_tim.o" --specs=nano.specs -mfpu=fpv4-sp-d16 -mfloat-abi=hard -mthumb -o "Drivers/STM32F4xx_HAL_Driver/Src/stm32f4xx_hal_tim.o"
arm-none-eabi-gcc "../Drivers/STM32F4xx_HAL_Driver/Src/stm32f4xx_hal_tim_ex.c" -mcpu=cortex-m4 -std=gnu11 -g3 -DDEBUG -DUSE_HAL_DRIVER -DSTM32F401xE -c -I../Core/Inc -I../Drivers/STM32F4xx_HAL_Driver/Inc -I../Drivers/STM32F4xx_HAL_Driver/Inc/Legacy -I../Drivers/CMSIS/Device/ST/STM32F4xx/Include -I../Drivers/CMSIS/Include -O0 -ffunction-sections -fdata-sections -Wall -fstack-usage -fcyclomatic-complexity -MMD -MP -MF"Drivers/STM32F4xx_HAL_Driver/Src/stm32f4xx_hal_tim_ex.d" -MT"Drivers/STM32F4xx_HAL_Driver/Src/stm32f4xx_hal_tim_ex.o" --specs=nano.specs -mfpu=fpv4-sp-d16 -mfloat-abi=hard -mthumb -o "Drivers/STM32F4xx_HAL_Driver/Src/stm32f4xx_hal_tim_ex.o"
arm-none-eabi-gcc "../Drivers/STM32F4xx_HAL_Driver/Src/stm32f4xx_hal_uart.c" -mcpu=cortex-m4 -std=gnu11 -g3 -DDEBUG -DUSE_HAL_DRIVER -DSTM32F401xE -c -I../Core/Inc -I../Drivers/STM32F4xx_HAL_Driver/Inc -I../Drivers/STM32F4xx_HAL_Driver/Inc/Legacy -I../Drivers/CMSIS/Device/ST/STM32F4xx/Include -I../Drivers/CMSIS/Include -O0 -ffunction-sections -fdata-sections -Wall -fstack-usage -fcyclomatic-complexity -MMD -MP -MF"Drivers/STM32F4xx_HAL_Driver/Src/stm32f4xx_hal_uart.d" -MT"Drivers/STM32F4xx_HAL_Driver/Src/stm32f4xx_hal_uart.o" --specs=nano.specs -mfpu=fpv4-sp-d16 -mfloat-abi=hard -mthumb -o "Drivers/STM32F4xx_HAL_Driver/Src/stm32f4xx_hal_uart.o"
arm-none-eabi-gcc "../Drivers/STM32F4xx_HAL_Driver/Src/stm32f4xx_ll_adc.c" -mcpu=cortex-m4 -std=gnu11 -g3 -DDEBUG -DUSE_HAL_DRIVER -DSTM32F401xE -c -I../Core/Inc -I../Drivers/STM32F4xx_HAL_Driver/Inc -I../Drivers/STM32F4xx_HAL_Driver/Inc/Legacy -I../Drivers/CMSIS/Device/ST/STM32F4xx/Include -I../Drivers/CMSIS/Include -O0 -ffunction-sections -fdata-sections -Wall -fstack-usage -fcyclomatic-complexity -MMD -MP -MF"Drivers/STM32F4xx_HAL_Driver/Src/stm32f4xx_ll_adc.d" -MT"Drivers/STM32F4xx_HAL_Driver/Src/stm32f4xx_ll_adc.o" --specs=nano.specs -mfpu=fpv4-sp-d16 -mfloat-abi=hard -mthumb -o "Drivers/STM32F4xx_HAL_Driver/Src/stm32f4xx_ll_adc.o"
arm-none-eabi-gcc -mcpu=cortex-m4 -g3 -DDEBUG -c -x assembler-with-cpp -MMD -MP -MF"Core/Startup/startup_stm32f401retx.d" -MT"Core/Startup/startup_stm32f401retx.o" --specs=nano.specs -mfpu=fpv4-sp-d16 -mfloat-abi=hard -mthumb -o "Core/Startup/startup_stm32f401retx.o" "../Core/Startup/startup_stm32f401retx.s"
arm-none-eabi-gcc "../Core/Src/main.c" -mcpu=cortex-m4 -std=gnu11 -g3 -DDEBUG -DUSE_HAL_DRIVER -DSTM32F401xE -c -I../Core/Inc -I../Drivers/STM32F4xx_HAL_Driver/Inc -I../Drivers/STM32F4xx_HAL_Driver/Inc/Legacy -I../Drivers/CMSIS/Device/ST/STM32F4xx/Include -I../Drivers/CMSIS/Include -O0 -ffunction-sections -fdata-sections -Wall -fstack-usage -fcyclomatic-complexity -MMD -MP -MF"Core/Src/main.d" -MT"Core/Src/main.o" --specs=nano.specs -mfpu=fpv4-sp-d16 -mfloat-abi=hard -mthumb -o "Core/Src/main.o"
arm-none-eabi-gcc "../Core/Src/stm32f4xx_hal_msp.c" -mcpu=cortex-m4 -std=gnu11 -g3 -DDEBUG -DUSE_HAL_DRIVER -DSTM32F401xE -c -I../Core/Inc -I../Drivers/STM32F4xx_HAL_Driver/Inc -I../Drivers/STM32F4xx_HAL_Driver/Inc/Legacy -I../Drivers/CMSIS/Device/ST/STM32F4xx/Include -I../Drivers/CMSIS/Include -O0 -ffunction-sections -fdata-sections -Wall -fstack-usage -fcyclomatic-complexity -MMD -MP -MF"Core/Src/stm32f4xx_hal_msp.d" -MT"Core/Src/stm32f4xx_hal_msp.o" --specs=nano.specs -mfpu=fpv4-sp-d16 -mfloat-abi=hard -mthumb -o "Core/Src/stm32f4xx_hal_msp.o"
arm-none-eabi-gcc "../Core/Src/stm32f4xx_it.c" -mcpu=cortex-m4 -std=gnu11 -g3 -DDEBUG -DUSE_HAL_DRIVER -DSTM32F401xE -c -I../Core/Inc -I../Drivers/STM32F4xx_HAL_Driver/Inc -I../Drivers/STM32F4xx_HAL_Driver/Inc/Legacy -I../Drivers/CMSIS/Device/ST/STM32F4xx/Include -I../Drivers/CMSIS/Include -O0 -ffunction-sections -fdata-sections -Wall -fstack-usage -fcyclomatic-complexity -MMD -MP -MF"Core/Src/stm32f4xx_it.d" -MT"Core/Src/stm32f4xx_it.o" --specs=nano.specs -mfpu=fpv4-sp-d16 -mfloat-abi=hard -mthumb -o "Core/Src/stm32f4xx_it.o"
arm-none-eabi-gcc "../Core/Src/syscalls.c" -mcpu=cortex-m4 -std=gnu11 -g3 -DDEBUG -DUSE_HAL_DRIVER -DSTM32F401xE -c -I../Core/Inc -I../Drivers/STM32F4xx_HAL_Driver/Inc -I../Drivers/STM32F4xx_HAL_Driver/Inc/Legacy -I../Drivers/CMSIS/Device/ST/STM32F4xx/Include -I../Drivers/CMSIS/Include -O0 -ffunction-sections -fdata-sections -Wall -fstack-usage -fcyclomatic-complexity -MMD -MP -MF"Core/Src/syscalls.d" -MT"Core/Src/syscalls.o" --specs=nano.specs -mfpu=fpv4-sp-d16 -mfloat-abi=hard -mthumb -o "Core/Src/syscalls.o"
arm-none-eabi-gcc "../Core/Src/sysmem.c" -mcpu=cortex-m4 -std=gnu11 -g3 -DDEBUG -DUSE_HAL_DRIVER -DSTM32F401xE -c -I../Core/Inc -I../Drivers/STM32F4xx_HAL_Driver/Inc -I../Drivers/STM32F4xx_HAL_Driver/Inc/Legacy -I../Drivers/CMSIS/Device/ST/STM32F4xx/Include -I../Drivers/CMSIS/Include -O0 -ffunction-sections -fdata-sections -Wall -fstack-usage -fcyclomatic-complexity -MMD -MP -MF"Core/Src/sysmem.d" -MT"Core/Src/sysmem.o" --specs=nano.specs -mfpu=fpv4-sp-d16 -mfloat-abi=hard -mthumb -o "Core/Src/sysmem.o"
arm-none-eabi-gcc "../Core/Src/system_stm32f4xx.c" -mcpu=cortex-m4 -std=gnu11 -g3 -DDEBUG -DUSE_HAL_DRIVER -DSTM32F401xE -c -I../Core/Inc -I../Drivers/STM32F4xx_HAL_Driver/Inc -I../Drivers/STM32F4xx_HAL_Driver/Inc/Legacy -I../Drivers/CMSIS/Device/ST/STM32F4xx/Include -I../Drivers/CMSIS/Include -O0 -ffunction-sections -fdata-sections -Wall -fstack-usage -fcyclomatic-complexity -MMD -MP -MF"Core/Src/system_stm32f4xx.d" -MT"Core/Src/system_stm32f4xx.o" --specs=nano.specs -mfpu=fpv4-sp-d16 -mfloat-abi=hard -mthumb -o "Core/Src/system_stm32f4xx.o"
../Core/Src/main.c:39: warning: "MOTOR_GPIO_PORT" redefined
   39 | #define MOTOR_GPIO_PORT GPIOB
      | 
../Core/Src/main.c:38: note: this is the location of the previous definition
   38 | #define MOTOR_GPIO_PORT GPIOA      // All motor pins are on GPIOA
      | 
../Core/Src/main.c: In function 'main':
../Core/Src/main.c:150:15: warning: implicit declaration of function 'HAL_UART_TransmitReceive'; did you mean 'HAL_SPI_TransmitReceive'? [-Wimplicit-function-declaration]
  150 |           if (HAL_UART_TransmitReceive(&huart1, txData, rxData, sizeof(txData), HAL_MAX_DELAY) != HAL_OK)
      |               ^~~~~~~~~~~~~~~~~~~~~~~~
      |               HAL_SPI_TransmitReceive
../Core/Src/main.c:166:11: warning: implicit declaration of function 'controlBothMotors' [-Wimplicit-function-declaration]
  166 |           controlBothMotors(motor1Direction, motor2Direction);
      |           ^~~~~~~~~~~~~~~~~
../Core/Src/main.c:170:11: warning: implicit declaration of function 'snprintf' [-Wimplicit-function-declaration]
  170 |           snprintf(buffer, sizeof(buffer), "Sent: %d, Received: %d\r\n", tdsValue, receivedValue);
      |           ^~~~~~~~
../Core/Src/main.c:21:1: note: include '<stdio.h>' or provide a declaration of 'snprintf'
   20 | #include "main.h"
  +++ |+#include <stdio.h>
   21 | 
../Core/Src/main.c:170:11: warning: incompatible implicit declaration of built-in function 'snprintf' [-Wbuiltin-declaration-mismatch]
  170 |           snprintf(buffer, sizeof(buffer), "Sent: %d, Received: %d\r\n", tdsValue, receivedValue);
      |           ^~~~~~~~
../Core/Src/main.c:170:11: note: include '<stdio.h>' or provide a declaration of 'snprintf'
../Core/Src/main.c:171:57: warning: implicit declaration of function 'strlen' [-Wimplicit-function-declaration]
  171 |           HAL_UART_Transmit(&huart2, (uint8_t *)buffer, strlen(buffer), HAL_MAX_DELAY);
      |                                                         ^~~~~~
../Core/Src/main.c:21:1: note: include '<string.h>' or provide a declaration of 'strlen'
   20 | #include "main.h"
  +++ |+#include <string.h>
   21 | 
../Core/Src/main.c:171:57: warning: incompatible implicit declaration of built-in function 'strlen' [-Wbuiltin-declaration-mismatch]
  171 |           HAL_UART_Transmit(&huart2, (uint8_t *)buffer, strlen(buffer), HAL_MAX_DELAY);
      |                                                         ^~~~~~
../Core/Src/main.c:171:57: note: include '<string.h>' or provide a declaration of 'strlen'
../Core/Src/main.c:93:11: warning: unused variable 'rxData' [-Wunused-variable]
   93 |   uint8_t rxData[2]; // Store received data
      |           ^~~~~~
../Core/Src/main.c:92:11: warning: unused variable 'txData' [-Wunused-variable]
   92 |   uint8_t txData[2]; // Data to transmit
      |           ^~~~~~
../Core/Src/main.c: At top level:
../Core/Src/main.c:442:6: warning: conflicting types for 'controlBothMotors'; have 'void(int,  int)'
  442 | void controlBothMotors(int motor1Direction, int motor2Direction)
      |      ^~~~~~~~~~~~~~~~~
../Core/Src/main.c:166:11: note: previous implicit declaration of 'controlBothMotors' with type 'void(int,  int)'
  166 |           controlBothMotors(motor1Direction, motor2Direction);
      |           ^~~~~~~~~~~~~~~~~
../Core/Src/main.c: In function 'controlBothMotors':
../Core/Src/main.c:466:27: error: 'MOTOR_GPIO_PORT2' undeclared (first use in this function); did you mean 'MOTOR_GPIO_PORT'?
  466 |         HAL_GPIO_WritePin(MOTOR_GPIO_PORT2, MOTOR2_CCW_PIN, GPIO_PIN_RESET);
      |                           ^~~~~~~~~~~~~~~~
      |                           MOTOR_GPIO_PORT
../Core/Src/main.c:466:27: note: each undeclared identifier is reported only once for each function it appears in
make: *** [Core/Src/subdir.mk:34: Core/Src/main.o] Error 1
make: *** Waiting for unfinished jobs....
"make -j32 all" terminated with exit code 2. Build might be incomplete.
23:31:39 **** Incremental Build of configuration Debug for project CommunicationSlave ****
make -j32 all 
arm-none-eabi-gcc "../Core/Src/main.c" -mcpu=cortex-m4 -std=gnu11 -g3 -DDEBUG -DUSE_HAL_DRIVER -DSTM32F401xE -c -I../Core/Inc -I../Drivers/STM32F4xx_HAL_Driver/Inc -I../Drivers/STM32F4xx_HAL_Driver/Inc/Legacy -I../Drivers/CMSIS/Device/ST/STM32F4xx/Include -I../Drivers/CMSIS/Include -O0 -ffunction-sections -fdata-sections -Wall -fstack-usage -fcyclomatic-complexity -MMD -MP -MF"Core/Src/main.d" -MT"Core/Src/main.o" --specs=nano.specs -mfpu=fpv4-sp-d16 -mfloat-abi=hard -mthumb -o "Core/Src/main.o"
../Core/Src/main.c: In function 'main':
../Core/Src/main.c:150:15: warning: implicit declaration of function 'HAL_UART_TransmitReceive'; did you mean 'HAL_SPI_TransmitReceive'? [-Wimplicit-function-declaration]
  150 |           if (HAL_UART_TransmitReceive(&huart1, txData, rxData, sizeof(txData), HAL_MAX_DELAY) != HAL_OK)
      |               ^~~~~~~~~~~~~~~~~~~~~~~~
      |               HAL_SPI_TransmitReceive
../Core/Src/main.c:166:11: warning: implicit declaration of function 'controlBothMotors' [-Wimplicit-function-declaration]
  166 |           controlBothMotors(motor1Direction, motor2Direction);
      |           ^~~~~~~~~~~~~~~~~
../Core/Src/main.c:170:11: warning: implicit declaration of function 'snprintf' [-Wimplicit-function-declaration]
  170 |           snprintf(buffer, sizeof(buffer), "Sent: %d, Received: %d\r\n", tdsValue, receivedValue);
      |           ^~~~~~~~
../Core/Src/main.c:21:1: note: include '<stdio.h>' or provide a declaration of 'snprintf'
   20 | #include "main.h"
  +++ |+#include <stdio.h>
   21 | 
../Core/Src/main.c:170:11: warning: incompatible implicit declaration of built-in function 'snprintf' [-Wbuiltin-declaration-mismatch]
  170 |           snprintf(buffer, sizeof(buffer), "Sent: %d, Received: %d\r\n", tdsValue, receivedValue);
      |           ^~~~~~~~
../Core/Src/main.c:170:11: note: include '<stdio.h>' or provide a declaration of 'snprintf'
../Core/Src/main.c:171:57: warning: implicit declaration of function 'strlen' [-Wimplicit-function-declaration]
  171 |           HAL_UART_Transmit(&huart2, (uint8_t *)buffer, strlen(buffer), HAL_MAX_DELAY);
      |                                                         ^~~~~~
../Core/Src/main.c:21:1: note: include '<string.h>' or provide a declaration of 'strlen'
   20 | #include "main.h"
  +++ |+#include <string.h>
   21 | 
../Core/Src/main.c:171:57: warning: incompatible implicit declaration of built-in function 'strlen' [-Wbuiltin-declaration-mismatch]
  171 |           HAL_UART_Transmit(&huart2, (uint8_t *)buffer, strlen(buffer), HAL_MAX_DELAY);
      |                                                         ^~~~~~
../Core/Src/main.c:171:57: note: include '<string.h>' or provide a declaration of 'strlen'
../Core/Src/main.c:93:11: warning: unused variable 'rxData' [-Wunused-variable]
   93 |   uint8_t rxData[2]; // Store received data
      |           ^~~~~~
../Core/Src/main.c:92:11: warning: unused variable 'txData' [-Wunused-variable]
   92 |   uint8_t txData[2]; // Data to transmit
      |           ^~~~~~
../Core/Src/main.c: At top level:
../Core/Src/main.c:442:6: warning: conflicting types for 'controlBothMotors'; have 'void(int,  int)'
  442 | void controlBothMotors(int motor1Direction, int motor2Direction)
      |      ^~~~~~~~~~~~~~~~~
../Core/Src/main.c:166:11: note: previous implicit declaration of 'controlBothMotors' with type 'void(int,  int)'
  166 |           controlBothMotors(motor1Direction, motor2Direction);
      |           ^~~~~~~~~~~~~~~~~
arm-none-eabi-gcc -o "CommunicationSlave.elf" @"objects.list"   -mcpu=cortex-m4 -T"C:\Users\BillL\Desktop\ECE-198-project-main\ECE-198-project-main\Communication\CommunicationSlave\STM32F401RETX_FLASH.ld" --specs=nosys.specs -Wl,-Map="CommunicationSlave.map" -Wl,--gc-sections -static --specs=nano.specs -mfpu=fpv4-sp-d16 -mfloat-abi=hard -mthumb -Wl,--start-group -lc -lm -Wl,--end-group
C:/ST/STM32CubeIDE_1.16.0/STM32CubeIDE/plugins/com.st.stm32cube.ide.mcu.externaltools.gnu-tools-for-stm32.12.3.rel1.win32_1.0.200.202406191623/tools/bin/../lib/gcc/arm-none-eabi/12.3.1/../../../../arm-none-eabi/bin/ld.exe: ./Core/Src/main.o: in function `main':
C:/Users/BillL/Desktop/ECE-198-project-main/ECE-198-project-main/Communication/CommunicationSlave/Debug/../Core/Src/main.c:150: undefined reference to `HAL_UART_TransmitReceive'
collect2.exe: error: ld returned 1 exit status
make: *** [makefile:64: CommunicationSlave.elf] Error 1
"make -j32 all" terminated with exit code 2. Build might be incomplete.
23:33:53 **** Incremental Build of configuration Debug for project CommunicationSlave ****
make -j32 all 
arm-none-eabi-gcc "../Core/Src/main.c" -mcpu=cortex-m4 -std=gnu11 -g3 -DDEBUG -DUSE_HAL_DRIVER -DSTM32F401xE -c -I../Core/Inc -I../Drivers/STM32F4xx_HAL_Driver/Inc -I../Drivers/STM32F4xx_HAL_Driver/Inc/Legacy -I../Drivers/CMSIS/Device/ST/STM32F4xx/Include -I../Drivers/CMSIS/Include -O0 -ffunction-sections -fdata-sections -Wall -fstack-usage -fcyclomatic-complexity -MMD -MP -MF"Core/Src/main.d" -MT"Core/Src/main.o" --specs=nano.specs -mfpu=fpv4-sp-d16 -mfloat-abi=hard -mthumb -o "Core/Src/main.o"
../Core/Src/main.c: In function 'main':
../Core/Src/main.c:150:15: warning: implicit declaration of function 'HAL_UART_TransmitReceive'; did you mean 'HAL_SPI_TransmitReceive'? [-Wimplicit-function-declaration]
  150 |           if (HAL_UART_TransmitReceive(&huart1, txData, rxData, sizeof(txData), HAL_MAX_DELAY) != HAL_OK)
      |               ^~~~~~~~~~~~~~~~~~~~~~~~
      |               HAL_SPI_TransmitReceive
In file included from ../Drivers/STM32F4xx_HAL_Driver/Inc/stm32f4xx_hal_rcc.h:27,
                 from ../Core/Inc/stm32f4xx_hal_conf.h:275,
                 from ../Drivers/STM32F4xx_HAL_Driver/Inc/stm32f4xx_hal.h:29,
                 from ../Core/Inc/main.h:30,
                 from ../Core/Src/main.c:20:
../Drivers/STM32F4xx_HAL_Driver/Inc/stm32f4xx_hal_def.h:61:28: warning: conversion from 'unsigned int' to 'uint16_t' {aka 'short unsigned int'} changes value from '4294967295' to '65535' [-Woverflow]
   61 | #define HAL_MAX_DELAY      0xFFFFFFFFU
      |                            ^~~~~~~~~~~
../Core/Src/main.c:155:45: note: in expansion of macro 'HAL_MAX_DELAY'
  155 |           HAL_UART_Receive(&huart1, rxData, HAL_MAX_DELAY);
      |                                             ^~~~~~~~~~~~~
../Core/Src/main.c:155:11: error: too few arguments to function 'HAL_UART_Receive'
  155 |           HAL_UART_Receive(&huart1, rxData, HAL_MAX_DELAY);
      |           ^~~~~~~~~~~~~~~~
In file included from ../Core/Inc/stm32f4xx_hal_conf.h:411:
../Drivers/STM32F4xx_HAL_Driver/Inc/stm32f4xx_hal_uart.h:746:19: note: declared here
  746 | HAL_StatusTypeDef HAL_UART_Receive(UART_HandleTypeDef *huart, uint8_t *pData, uint16_t Size, uint32_t Timeout);
      |                   ^~~~~~~~~~~~~~~~
../Core/Src/main.c:168:11: warning: implicit declaration of function 'controlBothMotors' [-Wimplicit-function-declaration]
  168 |           controlBothMotors(motor1Direction, motor2Direction);
      |           ^~~~~~~~~~~~~~~~~
../Core/Src/main.c:172:11: warning: implicit declaration of function 'snprintf' [-Wimplicit-function-declaration]
  172 |           snprintf(buffer, sizeof(buffer), "Sent: %d, Received: %d\r\n", tdsValue, receivedValue);
      |           ^~~~~~~~
../Core/Src/main.c:21:1: note: include '<stdio.h>' or provide a declaration of 'snprintf'
   20 | #include "main.h"
  +++ |+#include <stdio.h>
   21 | 
../Core/Src/main.c:172:11: warning: incompatible implicit declaration of built-in function 'snprintf' [-Wbuiltin-declaration-mismatch]
  172 |           snprintf(buffer, sizeof(buffer), "Sent: %d, Received: %d\r\n", tdsValue, receivedValue);
      |           ^~~~~~~~
../Core/Src/main.c:172:11: note: include '<stdio.h>' or provide a declaration of 'snprintf'
../Core/Src/main.c:173:57: warning: implicit declaration of function 'strlen' [-Wimplicit-function-declaration]
  173 |           HAL_UART_Transmit(&huart2, (uint8_t *)buffer, strlen(buffer), HAL_MAX_DELAY);
      |                                                         ^~~~~~
../Core/Src/main.c:21:1: note: include '<string.h>' or provide a declaration of 'strlen'
   20 | #include "main.h"
  +++ |+#include <string.h>
   21 | 
../Core/Src/main.c:173:57: warning: incompatible implicit declaration of built-in function 'strlen' [-Wbuiltin-declaration-mismatch]
  173 |           HAL_UART_Transmit(&huart2, (uint8_t *)buffer, strlen(buffer), HAL_MAX_DELAY);
      |                                                         ^~~~~~
../Core/Src/main.c:173:57: note: include '<string.h>' or provide a declaration of 'strlen'
../Core/Src/main.c:93:11: warning: unused variable 'rxData' [-Wunused-variable]
   93 |   uint8_t rxData[2]; // Store received data
      |           ^~~~~~
../Core/Src/main.c:92:11: warning: unused variable 'txData' [-Wunused-variable]
   92 |   uint8_t txData[2]; // Data to transmit
      |           ^~~~~~
../Core/Src/main.c: At top level:
../Core/Src/main.c:444:6: warning: conflicting types for 'controlBothMotors'; have 'void(int,  int)'
  444 | void controlBothMotors(int motor1Direction, int motor2Direction)
      |      ^~~~~~~~~~~~~~~~~
../Core/Src/main.c:168:11: note: previous implicit declaration of 'controlBothMotors' with type 'void(int,  int)'
  168 |           controlBothMotors(motor1Direction, motor2Direction);
      |           ^~~~~~~~~~~~~~~~~
make: *** [Core/Src/subdir.mk:34: Core/Src/main.o] Error 1
"make -j32 all" terminated with exit code 2. Build might be incomplete.
23:35:06 **** Incremental Build of configuration Debug for project CommunicationSlave ****
make -j32 all 
arm-none-eabi-gcc "../Core/Src/main.c" -mcpu=cortex-m4 -std=gnu11 -g3 -DDEBUG -DUSE_HAL_DRIVER -DSTM32F401xE -c -I../Core/Inc -I../Drivers/STM32F4xx_HAL_Driver/Inc -I../Drivers/STM32F4xx_HAL_Driver/Inc/Legacy -I../Drivers/CMSIS/Device/ST/STM32F4xx/Include -I../Drivers/CMSIS/Include -O0 -ffunction-sections -fdata-sections -Wall -fstack-usage -fcyclomatic-complexity -MMD -MP -MF"Core/Src/main.d" -MT"Core/Src/main.o" --specs=nano.specs -mfpu=fpv4-sp-d16 -mfloat-abi=hard -mthumb -o "Core/Src/main.o"
../Core/Src/main.c: In function 'main':
../Core/Src/main.c:164:11: warning: implicit declaration of function 'controlBothMotors' [-Wimplicit-function-declaration]
  164 |           controlBothMotors(motor1Direction, motor2Direction);
      |           ^~~~~~~~~~~~~~~~~
../Core/Src/main.c:168:11: warning: implicit declaration of function 'snprintf' [-Wimplicit-function-declaration]
  168 |           snprintf(buffer, sizeof(buffer), "Sent: %d, Received: %d\r\n", tdsValue, receivedValue);
      |           ^~~~~~~~
../Core/Src/main.c:21:1: note: include '<stdio.h>' or provide a declaration of 'snprintf'
   20 | #include "main.h"
  +++ |+#include <stdio.h>
   21 | 
../Core/Src/main.c:168:11: warning: incompatible implicit declaration of built-in function 'snprintf' [-Wbuiltin-declaration-mismatch]
  168 |           snprintf(buffer, sizeof(buffer), "Sent: %d, Received: %d\r\n", tdsValue, receivedValue);
      |           ^~~~~~~~
../Core/Src/main.c:168:11: note: include '<stdio.h>' or provide a declaration of 'snprintf'
../Core/Src/main.c:169:57: warning: implicit declaration of function 'strlen' [-Wimplicit-function-declaration]
  169 |           HAL_UART_Transmit(&huart2, (uint8_t *)buffer, strlen(buffer), HAL_MAX_DELAY);
      |                                                         ^~~~~~
../Core/Src/main.c:21:1: note: include '<string.h>' or provide a declaration of 'strlen'
   20 | #include "main.h"
  +++ |+#include <string.h>
   21 | 
../Core/Src/main.c:169:57: warning: incompatible implicit declaration of built-in function 'strlen' [-Wbuiltin-declaration-mismatch]
  169 |           HAL_UART_Transmit(&huart2, (uint8_t *)buffer, strlen(buffer), HAL_MAX_DELAY);
      |                                                         ^~~~~~
../Core/Src/main.c:169:57: note: include '<string.h>' or provide a declaration of 'strlen'
../Core/Src/main.c:93:11: warning: unused variable 'rxData' [-Wunused-variable]
   93 |   uint8_t rxData[2]; // Store received data
      |           ^~~~~~
../Core/Src/main.c:92:11: warning: unused variable 'txData' [-Wunused-variable]
   92 |   uint8_t txData[2]; // Data to transmit
      |           ^~~~~~
../Core/Src/main.c: At top level:
../Core/Src/main.c:440:6: warning: conflicting types for 'controlBothMotors'; have 'void(int,  int)'
  440 | void controlBothMotors(int motor1Direction, int motor2Direction)
      |      ^~~~~~~~~~~~~~~~~
../Core/Src/main.c:164:11: note: previous implicit declaration of 'controlBothMotors' with type 'void(int,  int)'
  164 |           controlBothMotors(motor1Direction, motor2Direction);
      |           ^~~~~~~~~~~~~~~~~
arm-none-eabi-gcc -o "CommunicationSlave.elf" @"objects.list"   -mcpu=cortex-m4 -T"C:\Users\BillL\Desktop\ECE-198-project-main\ECE-198-project-main\Communication\CommunicationSlave\STM32F401RETX_FLASH.ld" --specs=nosys.specs -Wl,-Map="CommunicationSlave.map" -Wl,--gc-sections -static --specs=nano.specs -mfpu=fpv4-sp-d16 -mfloat-abi=hard -mthumb -Wl,--start-group -lc -lm -Wl,--end-group
Finished building target: CommunicationSlave.elf
 
arm-none-eabi-size  CommunicationSlave.elf 
arm-none-eabi-objdump -h -S CommunicationSlave.elf  > "CommunicationSlave.list"
   text	   data	    bss	    dec	    hex	filename
  17076	     92	   2204	  19372	   4bac	CommunicationSlave.elf
Finished building: default.size.stdout
 
Finished building: CommunicationSlave.list
 
23:35:59 **** Incremental Build of configuration Debug for project CommunicationSlave ****
make -j32 all 
arm-none-eabi-gcc "../Core/Src/main.c" -mcpu=cortex-m4 -std=gnu11 -g3 -DDEBUG -DUSE_HAL_DRIVER -DSTM32F401xE -c -I../Core/Inc -I../Drivers/STM32F4xx_HAL_Driver/Inc -I../Drivers/STM32F4xx_HAL_Driver/Inc/Legacy -I../Drivers/CMSIS/Device/ST/STM32F4xx/Include -I../Drivers/CMSIS/Include -O0 -ffunction-sections -fdata-sections -Wall -fstack-usage -fcyclomatic-complexity -MMD -MP -MF"Core/Src/main.d" -MT"Core/Src/main.o" --specs=nano.specs -mfpu=fpv4-sp-d16 -mfloat-abi=hard -mthumb -o "Core/Src/main.o"
../Core/Src/main.c: In function 'main':
../Core/Src/main.c:164:11: warning: implicit declaration of function 'controlBothMotors' [-Wimplicit-function-declaration]
  164 |           controlBothMotors(motor1Direction, motor2Direction);
      |           ^~~~~~~~~~~~~~~~~
../Core/Src/main.c:168:11: warning: implicit declaration of function 'snprintf' [-Wimplicit-function-declaration]
  168 |           snprintf(buffer, sizeof(buffer), "Sent: %d, Received: %d\r\n", tdsValue, receivedValue);
      |           ^~~~~~~~
../Core/Src/main.c:21:1: note: include '<stdio.h>' or provide a declaration of 'snprintf'
   20 | #include "main.h"
  +++ |+#include <stdio.h>
   21 | 
../Core/Src/main.c:168:11: warning: incompatible implicit declaration of built-in function 'snprintf' [-Wbuiltin-declaration-mismatch]
  168 |           snprintf(buffer, sizeof(buffer), "Sent: %d, Received: %d\r\n", tdsValue, receivedValue);
      |           ^~~~~~~~
../Core/Src/main.c:168:11: note: include '<stdio.h>' or provide a declaration of 'snprintf'
../Core/Src/main.c:169:57: warning: implicit declaration of function 'strlen' [-Wimplicit-function-declaration]
  169 |           HAL_UART_Transmit(&huart2, (uint8_t *)buffer, strlen(buffer), HAL_MAX_DELAY);
      |                                                         ^~~~~~
../Core/Src/main.c:21:1: note: include '<string.h>' or provide a declaration of 'strlen'
   20 | #include "main.h"
  +++ |+#include <string.h>
   21 | 
../Core/Src/main.c:169:57: warning: incompatible implicit declaration of built-in function 'strlen' [-Wbuiltin-declaration-mismatch]
  169 |           HAL_UART_Transmit(&huart2, (uint8_t *)buffer, strlen(buffer), HAL_MAX_DELAY);
      |                                                         ^~~~~~
../Core/Src/main.c:169:57: note: include '<string.h>' or provide a declaration of 'strlen'
../Core/Src/main.c:93:11: warning: unused variable 'rxData' [-Wunused-variable]
   93 |   uint8_t rxData[2]; // Store received data
      |           ^~~~~~
../Core/Src/main.c:92:11: warning: unused variable 'txData' [-Wunused-variable]
   92 |   uint8_t txData[2]; // Data to transmit
      |           ^~~~~~
../Core/Src/main.c: At top level:
../Core/Src/main.c:440:6: warning: conflicting types for 'controlBothMotors'; have 'void(int,  int)'
  440 | void controlBothMotors(int motor1Direction, int motor2Direction)
      |      ^~~~~~~~~~~~~~~~~
../Core/Src/main.c:164:11: note: previous implicit declaration of 'controlBothMotors' with type 'void(int,  int)'
  164 |           controlBothMotors(motor1Direction, motor2Direction);
      |           ^~~~~~~~~~~~~~~~~
arm-none-eabi-gcc -o "CommunicationSlave.elf" @"objects.list"   -mcpu=cortex-m4 -T"C:\Users\BillL\Desktop\ECE-198-project-main\ECE-198-project-main\Communication\CommunicationSlave\STM32F401RETX_FLASH.ld" --specs=nosys.specs -Wl,-Map="CommunicationSlave.map" -Wl,--gc-sections -static --specs=nano.specs -mfpu=fpv4-sp-d16 -mfloat-abi=hard -mthumb -Wl,--start-group -lc -lm -Wl,--end-group
Finished building target: CommunicationSlave.elf
 
arm-none-eabi-size  CommunicationSlave.elf 
arm-none-eabi-objdump -h -S CommunicationSlave.elf  > "CommunicationSlave.list"
   text	   data	    bss	    dec	    hex	filename
  17076	     92	   2204	  19372	   4bac	CommunicationSlave.elf
Finished building: default.size.stdout
 
Finished building: CommunicationSlave.list
 
23:37:31 **** Incremental Build of configuration Debug for project CommunicationSlave ****
make -j32 all 
arm-none-eabi-size  CommunicationSlave.elf 
   text	   data	    bss	    dec	    hex	filename
  17076	     92	   2204	  19372	   4bac	CommunicationSlave.elf
Finished building: default.size.stdout
 
23:53:37 **** Clean-only build of configuration Debug for project CommunicationMaster ****
make -j32 clean 
rm -rf ./Drivers/STM32F4xx_HAL_Driver/Src/stm32f4xx_hal.cyclo ./Drivers/STM32F4xx_HAL_Driver/Src/stm32f4xx_hal.d ./Drivers/STM32F4xx_HAL_Driver/Src/stm32f4xx_hal.o ./Drivers/STM32F4xx_HAL_Driver/Src/stm32f4xx_hal.su ./Drivers/STM32F4xx_HAL_Driver/Src/stm32f4xx_hal_cortex.cyclo ./Drivers/STM32F4xx_HAL_Driver/Src/stm32f4xx_hal_cortex.d ./Drivers/STM32F4xx_HAL_Driver/Src/stm32f4xx_hal_cortex.o ./Drivers/STM32F4xx_HAL_Driver/Src/stm32f4xx_hal_cortex.su ./Drivers/STM32F4xx_HAL_Driver/Src/stm32f4xx_hal_dma.cyclo ./Drivers/STM32F4xx_HAL_Driver/Src/stm32f4xx_hal_dma.d ./Drivers/STM32F4xx_HAL_Driver/Src/stm32f4xx_hal_dma.o ./Drivers/STM32F4xx_HAL_Driver/Src/stm32f4xx_hal_dma.su ./Drivers/STM32F4xx_HAL_Driver/Src/stm32f4xx_hal_dma_ex.cyclo ./Drivers/STM32F4xx_HAL_Driver/Src/stm32f4xx_hal_dma_ex.d ./Drivers/STM32F4xx_HAL_Driver/Src/stm32f4xx_hal_dma_ex.o ./Drivers/STM32F4xx_HAL_Driver/Src/stm32f4xx_hal_dma_ex.su ./Drivers/STM32F4xx_HAL_Driver/Src/stm32f4xx_hal_exti.cyclo ./Drivers/STM32F4xx_HAL_Driver/Src/stm32f4xx_hal_exti.d ./Drivers/STM32F4xx_HAL_Driver/Src/stm32f4xx_hal_exti.o ./Drivers/STM32F4xx_HAL_Driver/Src/stm32f4xx_hal_exti.su ./Drivers/STM32F4xx_HAL_Driver/Src/stm32f4xx_hal_flash.cyclo ./Drivers/STM32F4xx_HAL_Driver/Src/stm32f4xx_hal_flash.d ./Drivers/STM32F4xx_HAL_Driver/Src/stm32f4xx_hal_flash.o ./Drivers/STM32F4xx_HAL_Driver/Src/stm32f4xx_hal_flash.su ./Drivers/STM32F4xx_HAL_Driver/Src/stm32f4xx_hal_flash_ex.cyclo ./Drivers/STM32F4xx_HAL_Driver/Src/stm32f4xx_hal_flash_ex.d ./Drivers/STM32F4xx_HAL_Driver/Src/stm32f4xx_hal_flash_ex.o ./Drivers/STM32F4xx_HAL_Driver/Src/stm32f4xx_hal_flash_ex.su ./Drivers/STM32F4xx_HAL_Driver/Src/stm32f4xx_hal_flash_ramfunc.cyclo ./Drivers/STM32F4xx_HAL_Driver/Src/stm32f4xx_hal_flash_ramfunc.d ./Drivers/STM32F4xx_HAL_Driver/Src/stm32f4xx_hal_flash_ramfunc.o ./Drivers/STM32F4xx_HAL_Driver/Src/stm32f4xx_hal_flash_ramfunc.su ./Drivers/STM32F4xx_HAL_Driver/Src/stm32f4xx_hal_gpio.cyclo ./Drivers/STM32F4xx_HAL_Driver/Src/stm32f4xx_hal_gpio.d ./Drivers/STM32F4xx_HAL_Driver/Src/stm32f4xx_hal_gpio.o ./Drivers/STM32F4xx_HAL_Driver/Src/stm32f4xx_hal_gpio.su ./Drivers/STM32F4xx_HAL_Driver/Src/stm32f4xx_hal_pwr.cyclo ./Drivers/STM32F4xx_HAL_Driver/Src/stm32f4xx_hal_pwr.d ./Drivers/STM32F4xx_HAL_Driver/Src/stm32f4xx_hal_pwr.o ./Drivers/STM32F4xx_HAL_Driver/Src/stm32f4xx_hal_pwr.su ./Drivers/STM32F4xx_HAL_Driver/Src/stm32f4xx_hal_pwr_ex.cyclo ./Drivers/STM32F4xx_HAL_Driver/Src/stm32f4xx_hal_pwr_ex.d ./Drivers/STM32F4xx_HAL_Driver/Src/stm32f4xx_hal_pwr_ex.o ./Drivers/STM32F4xx_HAL_Driver/Src/stm32f4xx_hal_pwr_ex.su ./Drivers/STM32F4xx_HAL_Driver/Src/stm32f4xx_hal_rcc.cyclo ./Drivers/STM32F4xx_HAL_Driver/Src/stm32f4xx_hal_rcc.d ./Drivers/STM32F4xx_HAL_Driver/Src/stm32f4xx_hal_rcc.o ./Drivers/STM32F4xx_HAL_Driver/Src/stm32f4xx_hal_rcc.su ./Drivers/STM32F4xx_HAL_Driver/Src/stm32f4xx_hal_rcc_ex.cyclo ./Drivers/STM32F4xx_HAL_Driver/Src/stm32f4xx_hal_rcc_ex.d ./Drivers/STM32F4xx_HAL_Driver/Src/stm32f4xx_hal_rcc_ex.o ./Drivers/STM32F4xx_HAL_Driver/Src/stm32f4xx_hal_rcc_ex.su ./Drivers/STM32F4xx_HAL_Driver/Src/stm32f4xx_hal_spi.cyclo ./Drivers/STM32F4xx_HAL_Driver/Src/stm32f4xx_hal_spi.d ./Drivers/STM32F4xx_HAL_Driver/Src/stm32f4xx_hal_spi.o ./Drivers/STM32F4xx_HAL_Driver/Src/stm32f4xx_hal_spi.su ./Drivers/STM32F4xx_HAL_Driver/Src/stm32f4xx_hal_tim.cyclo ./Drivers/STM32F4xx_HAL_Driver/Src/stm32f4xx_hal_tim.d ./Drivers/STM32F4xx_HAL_Driver/Src/stm32f4xx_hal_tim.o ./Drivers/STM32F4xx_HAL_Driver/Src/stm32f4xx_hal_tim.su ./Drivers/STM32F4xx_HAL_Driver/Src/stm32f4xx_hal_tim_ex.cyclo ./Drivers/STM32F4xx_HAL_Driver/Src/stm32f4xx_hal_tim_ex.d ./Drivers/STM32F4xx_HAL_Driver/Src/stm32f4xx_hal_tim_ex.o ./Drivers/STM32F4xx_HAL_Driver/Src/stm32f4xx_hal_tim_ex.su ./Drivers/STM32F4xx_HAL_Driver/Src/stm32f4xx_hal_uart.cyclo ./Drivers/STM32F4xx_HAL_Driver/Src/stm32f4xx_hal_uart.d ./Drivers/STM32F4xx_HAL_Driver/Src/stm32f4xx_hal_uart.o ./Drivers/STM32F4xx_HAL_Driver/Src/stm32f4xx_hal_uart.su
rm -rf ./Core/Startup/startup_stm32f401retx.d ./Core/Startup/startup_stm32f401retx.o
rm -rf ./Core/Src/main.cyclo ./Core/Src/main.d ./Core/Src/main.o ./Core/Src/main.su ./Core/Src/stm32f4xx_hal_msp.cyclo ./Core/Src/stm32f4xx_hal_msp.d ./Core/Src/stm32f4xx_hal_msp.o ./Core/Src/stm32f4xx_hal_msp.su ./Core/Src/stm32f4xx_it.cyclo ./Core/Src/stm32f4xx_it.d ./Core/Src/stm32f4xx_it.o ./Core/Src/stm32f4xx_it.su ./Core/Src/syscalls.cyclo ./Core/Src/syscalls.d ./Core/Src/syscalls.o ./Core/Src/syscalls.su ./Core/Src/sysmem.cyclo ./Core/Src/sysmem.d ./Core/Src/sysmem.o ./Core/Src/sysmem.su ./Core/Src/system_stm32f4xx.cyclo ./Core/Src/system_stm32f4xx.d ./Core/Src/system_stm32f4xx.o ./Core/Src/system_stm32f4xx.su
rm -rf CommunicationMaster.elf CommunicationMaster.list CommunicationMaster.map default.size.stdout
 
23:53:37 **** Build of configuration Debug for project CommunicationMaster ****
make -j32 all 
arm-none-eabi-gcc "../Drivers/STM32F4xx_HAL_Driver/Src/stm32f4xx_hal.c" -mcpu=cortex-m4 -std=gnu11 -g3 -DDEBUG -DUSE_HAL_DRIVER -DSTM32F401xE -c -I../Core/Inc -I../Drivers/STM32F4xx_HAL_Driver/Inc -I../Drivers/STM32F4xx_HAL_Driver/Inc/Legacy -I../Drivers/CMSIS/Device/ST/STM32F4xx/Include -I../Drivers/CMSIS/Include -O0 -ffunction-sections -fdata-sections -Wall -fstack-usage -fcyclomatic-complexity -MMD -MP -MF"Drivers/STM32F4xx_HAL_Driver/Src/stm32f4xx_hal.d" -MT"Drivers/STM32F4xx_HAL_Driver/Src/stm32f4xx_hal.o" --specs=nano.specs -mfpu=fpv4-sp-d16 -mfloat-abi=hard -mthumb -o "Drivers/STM32F4xx_HAL_Driver/Src/stm32f4xx_hal.o"
arm-none-eabi-gcc "../Drivers/STM32F4xx_HAL_Driver/Src/stm32f4xx_hal_cortex.c" -mcpu=cortex-m4 -std=gnu11 -g3 -DDEBUG -DUSE_HAL_DRIVER -DSTM32F401xE -c -I../Core/Inc -I../Drivers/STM32F4xx_HAL_Driver/Inc -I../Drivers/STM32F4xx_HAL_Driver/Inc/Legacy -I../Drivers/CMSIS/Device/ST/STM32F4xx/Include -I../Drivers/CMSIS/Include -O0 -ffunction-sections -fdata-sections -Wall -fstack-usage -fcyclomatic-complexity -MMD -MP -MF"Drivers/STM32F4xx_HAL_Driver/Src/stm32f4xx_hal_cortex.d" -MT"Drivers/STM32F4xx_HAL_Driver/Src/stm32f4xx_hal_cortex.o" --specs=nano.specs -mfpu=fpv4-sp-d16 -mfloat-abi=hard -mthumb -o "Drivers/STM32F4xx_HAL_Driver/Src/stm32f4xx_hal_cortex.o"
arm-none-eabi-gcc "../Drivers/STM32F4xx_HAL_Driver/Src/stm32f4xx_hal_dma.c" -mcpu=cortex-m4 -std=gnu11 -g3 -DDEBUG -DUSE_HAL_DRIVER -DSTM32F401xE -c -I../Core/Inc -I../Drivers/STM32F4xx_HAL_Driver/Inc -I../Drivers/STM32F4xx_HAL_Driver/Inc/Legacy -I../Drivers/CMSIS/Device/ST/STM32F4xx/Include -I../Drivers/CMSIS/Include -O0 -ffunction-sections -fdata-sections -Wall -fstack-usage -fcyclomatic-complexity -MMD -MP -MF"Drivers/STM32F4xx_HAL_Driver/Src/stm32f4xx_hal_dma.d" -MT"Drivers/STM32F4xx_HAL_Driver/Src/stm32f4xx_hal_dma.o" --specs=nano.specs -mfpu=fpv4-sp-d16 -mfloat-abi=hard -mthumb -o "Drivers/STM32F4xx_HAL_Driver/Src/stm32f4xx_hal_dma.o"
arm-none-eabi-gcc "../Drivers/STM32F4xx_HAL_Driver/Src/stm32f4xx_hal_dma_ex.c" -mcpu=cortex-m4 -std=gnu11 -g3 -DDEBUG -DUSE_HAL_DRIVER -DSTM32F401xE -c -I../Core/Inc -I../Drivers/STM32F4xx_HAL_Driver/Inc -I../Drivers/STM32F4xx_HAL_Driver/Inc/Legacy -I../Drivers/CMSIS/Device/ST/STM32F4xx/Include -I../Drivers/CMSIS/Include -O0 -ffunction-sections -fdata-sections -Wall -fstack-usage -fcyclomatic-complexity -MMD -MP -MF"Drivers/STM32F4xx_HAL_Driver/Src/stm32f4xx_hal_dma_ex.d" -MT"Drivers/STM32F4xx_HAL_Driver/Src/stm32f4xx_hal_dma_ex.o" --specs=nano.specs -mfpu=fpv4-sp-d16 -mfloat-abi=hard -mthumb -o "Drivers/STM32F4xx_HAL_Driver/Src/stm32f4xx_hal_dma_ex.o"
arm-none-eabi-gcc "../Drivers/STM32F4xx_HAL_Driver/Src/stm32f4xx_hal_exti.c" -mcpu=cortex-m4 -std=gnu11 -g3 -DDEBUG -DUSE_HAL_DRIVER -DSTM32F401xE -c -I../Core/Inc -I../Drivers/STM32F4xx_HAL_Driver/Inc -I../Drivers/STM32F4xx_HAL_Driver/Inc/Legacy -I../Drivers/CMSIS/Device/ST/STM32F4xx/Include -I../Drivers/CMSIS/Include -O0 -ffunction-sections -fdata-sections -Wall -fstack-usage -fcyclomatic-complexity -MMD -MP -MF"Drivers/STM32F4xx_HAL_Driver/Src/stm32f4xx_hal_exti.d" -MT"Drivers/STM32F4xx_HAL_Driver/Src/stm32f4xx_hal_exti.o" --specs=nano.specs -mfpu=fpv4-sp-d16 -mfloat-abi=hard -mthumb -o "Drivers/STM32F4xx_HAL_Driver/Src/stm32f4xx_hal_exti.o"
arm-none-eabi-gcc "../Drivers/STM32F4xx_HAL_Driver/Src/stm32f4xx_hal_flash.c" -mcpu=cortex-m4 -std=gnu11 -g3 -DDEBUG -DUSE_HAL_DRIVER -DSTM32F401xE -c -I../Core/Inc -I../Drivers/STM32F4xx_HAL_Driver/Inc -I../Drivers/STM32F4xx_HAL_Driver/Inc/Legacy -I../Drivers/CMSIS/Device/ST/STM32F4xx/Include -I../Drivers/CMSIS/Include -O0 -ffunction-sections -fdata-sections -Wall -fstack-usage -fcyclomatic-complexity -MMD -MP -MF"Drivers/STM32F4xx_HAL_Driver/Src/stm32f4xx_hal_flash.d" -MT"Drivers/STM32F4xx_HAL_Driver/Src/stm32f4xx_hal_flash.o" --specs=nano.specs -mfpu=fpv4-sp-d16 -mfloat-abi=hard -mthumb -o "Drivers/STM32F4xx_HAL_Driver/Src/stm32f4xx_hal_flash.o"
arm-none-eabi-gcc "../Drivers/STM32F4xx_HAL_Driver/Src/stm32f4xx_hal_flash_ex.c" -mcpu=cortex-m4 -std=gnu11 -g3 -DDEBUG -DUSE_HAL_DRIVER -DSTM32F401xE -c -I../Core/Inc -I../Drivers/STM32F4xx_HAL_Driver/Inc -I../Drivers/STM32F4xx_HAL_Driver/Inc/Legacy -I../Drivers/CMSIS/Device/ST/STM32F4xx/Include -I../Drivers/CMSIS/Include -O0 -ffunction-sections -fdata-sections -Wall -fstack-usage -fcyclomatic-complexity -MMD -MP -MF"Drivers/STM32F4xx_HAL_Driver/Src/stm32f4xx_hal_flash_ex.d" -MT"Drivers/STM32F4xx_HAL_Driver/Src/stm32f4xx_hal_flash_ex.o" --specs=nano.specs -mfpu=fpv4-sp-d16 -mfloat-abi=hard -mthumb -o "Drivers/STM32F4xx_HAL_Driver/Src/stm32f4xx_hal_flash_ex.o"
arm-none-eabi-gcc "../Drivers/STM32F4xx_HAL_Driver/Src/stm32f4xx_hal_flash_ramfunc.c" -mcpu=cortex-m4 -std=gnu11 -g3 -DDEBUG -DUSE_HAL_DRIVER -DSTM32F401xE -c -I../Core/Inc -I../Drivers/STM32F4xx_HAL_Driver/Inc -I../Drivers/STM32F4xx_HAL_Driver/Inc/Legacy -I../Drivers/CMSIS/Device/ST/STM32F4xx/Include -I../Drivers/CMSIS/Include -O0 -ffunction-sections -fdata-sections -Wall -fstack-usage -fcyclomatic-complexity -MMD -MP -MF"Drivers/STM32F4xx_HAL_Driver/Src/stm32f4xx_hal_flash_ramfunc.d" -MT"Drivers/STM32F4xx_HAL_Driver/Src/stm32f4xx_hal_flash_ramfunc.o" --specs=nano.specs -mfpu=fpv4-sp-d16 -mfloat-abi=hard -mthumb -o "Drivers/STM32F4xx_HAL_Driver/Src/stm32f4xx_hal_flash_ramfunc.o"
arm-none-eabi-gcc "../Drivers/STM32F4xx_HAL_Driver/Src/stm32f4xx_hal_gpio.c" -mcpu=cortex-m4 -std=gnu11 -g3 -DDEBUG -DUSE_HAL_DRIVER -DSTM32F401xE -c -I../Core/Inc -I../Drivers/STM32F4xx_HAL_Driver/Inc -I../Drivers/STM32F4xx_HAL_Driver/Inc/Legacy -I../Drivers/CMSIS/Device/ST/STM32F4xx/Include -I../Drivers/CMSIS/Include -O0 -ffunction-sections -fdata-sections -Wall -fstack-usage -fcyclomatic-complexity -MMD -MP -MF"Drivers/STM32F4xx_HAL_Driver/Src/stm32f4xx_hal_gpio.d" -MT"Drivers/STM32F4xx_HAL_Driver/Src/stm32f4xx_hal_gpio.o" --specs=nano.specs -mfpu=fpv4-sp-d16 -mfloat-abi=hard -mthumb -o "Drivers/STM32F4xx_HAL_Driver/Src/stm32f4xx_hal_gpio.o"
arm-none-eabi-gcc "../Drivers/STM32F4xx_HAL_Driver/Src/stm32f4xx_hal_pwr.c" -mcpu=cortex-m4 -std=gnu11 -g3 -DDEBUG -DUSE_HAL_DRIVER -DSTM32F401xE -c -I../Core/Inc -I../Drivers/STM32F4xx_HAL_Driver/Inc -I../Drivers/STM32F4xx_HAL_Driver/Inc/Legacy -I../Drivers/CMSIS/Device/ST/STM32F4xx/Include -I../Drivers/CMSIS/Include -O0 -ffunction-sections -fdata-sections -Wall -fstack-usage -fcyclomatic-complexity -MMD -MP -MF"Drivers/STM32F4xx_HAL_Driver/Src/stm32f4xx_hal_pwr.d" -MT"Drivers/STM32F4xx_HAL_Driver/Src/stm32f4xx_hal_pwr.o" --specs=nano.specs -mfpu=fpv4-sp-d16 -mfloat-abi=hard -mthumb -o "Drivers/STM32F4xx_HAL_Driver/Src/stm32f4xx_hal_pwr.o"
arm-none-eabi-gcc "../Drivers/STM32F4xx_HAL_Driver/Src/stm32f4xx_hal_pwr_ex.c" -mcpu=cortex-m4 -std=gnu11 -g3 -DDEBUG -DUSE_HAL_DRIVER -DSTM32F401xE -c -I../Core/Inc -I../Drivers/STM32F4xx_HAL_Driver/Inc -I../Drivers/STM32F4xx_HAL_Driver/Inc/Legacy -I../Drivers/CMSIS/Device/ST/STM32F4xx/Include -I../Drivers/CMSIS/Include -O0 -ffunction-sections -fdata-sections -Wall -fstack-usage -fcyclomatic-complexity -MMD -MP -MF"Drivers/STM32F4xx_HAL_Driver/Src/stm32f4xx_hal_pwr_ex.d" -MT"Drivers/STM32F4xx_HAL_Driver/Src/stm32f4xx_hal_pwr_ex.o" --specs=nano.specs -mfpu=fpv4-sp-d16 -mfloat-abi=hard -mthumb -o "Drivers/STM32F4xx_HAL_Driver/Src/stm32f4xx_hal_pwr_ex.o"
arm-none-eabi-gcc "../Drivers/STM32F4xx_HAL_Driver/Src/stm32f4xx_hal_rcc.c" -mcpu=cortex-m4 -std=gnu11 -g3 -DDEBUG -DUSE_HAL_DRIVER -DSTM32F401xE -c -I../Core/Inc -I../Drivers/STM32F4xx_HAL_Driver/Inc -I../Drivers/STM32F4xx_HAL_Driver/Inc/Legacy -I../Drivers/CMSIS/Device/ST/STM32F4xx/Include -I../Drivers/CMSIS/Include -O0 -ffunction-sections -fdata-sections -Wall -fstack-usage -fcyclomatic-complexity -MMD -MP -MF"Drivers/STM32F4xx_HAL_Driver/Src/stm32f4xx_hal_rcc.d" -MT"Drivers/STM32F4xx_HAL_Driver/Src/stm32f4xx_hal_rcc.o" --specs=nano.specs -mfpu=fpv4-sp-d16 -mfloat-abi=hard -mthumb -o "Drivers/STM32F4xx_HAL_Driver/Src/stm32f4xx_hal_rcc.o"
arm-none-eabi-gcc "../Drivers/STM32F4xx_HAL_Driver/Src/stm32f4xx_hal_rcc_ex.c" -mcpu=cortex-m4 -std=gnu11 -g3 -DDEBUG -DUSE_HAL_DRIVER -DSTM32F401xE -c -I../Core/Inc -I../Drivers/STM32F4xx_HAL_Driver/Inc -I../Drivers/STM32F4xx_HAL_Driver/Inc/Legacy -I../Drivers/CMSIS/Device/ST/STM32F4xx/Include -I../Drivers/CMSIS/Include -O0 -ffunction-sections -fdata-sections -Wall -fstack-usage -fcyclomatic-complexity -MMD -MP -MF"Drivers/STM32F4xx_HAL_Driver/Src/stm32f4xx_hal_rcc_ex.d" -MT"Drivers/STM32F4xx_HAL_Driver/Src/stm32f4xx_hal_rcc_ex.o" --specs=nano.specs -mfpu=fpv4-sp-d16 -mfloat-abi=hard -mthumb -o "Drivers/STM32F4xx_HAL_Driver/Src/stm32f4xx_hal_rcc_ex.o"
arm-none-eabi-gcc "../Drivers/STM32F4xx_HAL_Driver/Src/stm32f4xx_hal_tim.c" -mcpu=cortex-m4 -std=gnu11 -g3 -DDEBUG -DUSE_HAL_DRIVER -DSTM32F401xE -c -I../Core/Inc -I../Drivers/STM32F4xx_HAL_Driver/Inc -I../Drivers/STM32F4xx_HAL_Driver/Inc/Legacy -I../Drivers/CMSIS/Device/ST/STM32F4xx/Include -I../Drivers/CMSIS/Include -O0 -ffunction-sections -fdata-sections -Wall -fstack-usage -fcyclomatic-complexity -MMD -MP -MF"Drivers/STM32F4xx_HAL_Driver/Src/stm32f4xx_hal_tim.d" -MT"Drivers/STM32F4xx_HAL_Driver/Src/stm32f4xx_hal_tim.o" --specs=nano.specs -mfpu=fpv4-sp-d16 -mfloat-abi=hard -mthumb -o "Drivers/STM32F4xx_HAL_Driver/Src/stm32f4xx_hal_tim.o"
arm-none-eabi-gcc "../Drivers/STM32F4xx_HAL_Driver/Src/stm32f4xx_hal_tim_ex.c" -mcpu=cortex-m4 -std=gnu11 -g3 -DDEBUG -DUSE_HAL_DRIVER -DSTM32F401xE -c -I../Core/Inc -I../Drivers/STM32F4xx_HAL_Driver/Inc -I../Drivers/STM32F4xx_HAL_Driver/Inc/Legacy -I../Drivers/CMSIS/Device/ST/STM32F4xx/Include -I../Drivers/CMSIS/Include -O0 -ffunction-sections -fdata-sections -Wall -fstack-usage -fcyclomatic-complexity -MMD -MP -MF"Drivers/STM32F4xx_HAL_Driver/Src/stm32f4xx_hal_tim_ex.d" -MT"Drivers/STM32F4xx_HAL_Driver/Src/stm32f4xx_hal_tim_ex.o" --specs=nano.specs -mfpu=fpv4-sp-d16 -mfloat-abi=hard -mthumb -o "Drivers/STM32F4xx_HAL_Driver/Src/stm32f4xx_hal_tim_ex.o"
arm-none-eabi-gcc "../Drivers/STM32F4xx_HAL_Driver/Src/stm32f4xx_hal_uart.c" -mcpu=cortex-m4 -std=gnu11 -g3 -DDEBUG -DUSE_HAL_DRIVER -DSTM32F401xE -c -I../Core/Inc -I../Drivers/STM32F4xx_HAL_Driver/Inc -I../Drivers/STM32F4xx_HAL_Driver/Inc/Legacy -I../Drivers/CMSIS/Device/ST/STM32F4xx/Include -I../Drivers/CMSIS/Include -O0 -ffunction-sections -fdata-sections -Wall -fstack-usage -fcyclomatic-complexity -MMD -MP -MF"Drivers/STM32F4xx_HAL_Driver/Src/stm32f4xx_hal_uart.d" -MT"Drivers/STM32F4xx_HAL_Driver/Src/stm32f4xx_hal_uart.o" --specs=nano.specs -mfpu=fpv4-sp-d16 -mfloat-abi=hard -mthumb -o "Drivers/STM32F4xx_HAL_Driver/Src/stm32f4xx_hal_uart.o"
arm-none-eabi-gcc -mcpu=cortex-m4 -g3 -DDEBUG -c -x assembler-with-cpp -MMD -MP -MF"Core/Startup/startup_stm32f401retx.d" -MT"Core/Startup/startup_stm32f401retx.o" --specs=nano.specs -mfpu=fpv4-sp-d16 -mfloat-abi=hard -mthumb -o "Core/Startup/startup_stm32f401retx.o" "../Core/Startup/startup_stm32f401retx.s"
arm-none-eabi-gcc "../Core/Src/main.c" -mcpu=cortex-m4 -std=gnu11 -g3 -DDEBUG -DUSE_HAL_DRIVER -DSTM32F401xE -c -I../Core/Inc -I../Drivers/STM32F4xx_HAL_Driver/Inc -I../Drivers/STM32F4xx_HAL_Driver/Inc/Legacy -I../Drivers/CMSIS/Device/ST/STM32F4xx/Include -I../Drivers/CMSIS/Include -O0 -ffunction-sections -fdata-sections -Wall -fstack-usage -fcyclomatic-complexity -MMD -MP -MF"Core/Src/main.d" -MT"Core/Src/main.o" --specs=nano.specs -mfpu=fpv4-sp-d16 -mfloat-abi=hard -mthumb -o "Core/Src/main.o"
arm-none-eabi-gcc "../Core/Src/stm32f4xx_hal_msp.c" -mcpu=cortex-m4 -std=gnu11 -g3 -DDEBUG -DUSE_HAL_DRIVER -DSTM32F401xE -c -I../Core/Inc -I../Drivers/STM32F4xx_HAL_Driver/Inc -I../Drivers/STM32F4xx_HAL_Driver/Inc/Legacy -I../Drivers/CMSIS/Device/ST/STM32F4xx/Include -I../Drivers/CMSIS/Include -O0 -ffunction-sections -fdata-sections -Wall -fstack-usage -fcyclomatic-complexity -MMD -MP -MF"Core/Src/stm32f4xx_hal_msp.d" -MT"Core/Src/stm32f4xx_hal_msp.o" --specs=nano.specs -mfpu=fpv4-sp-d16 -mfloat-abi=hard -mthumb -o "Core/Src/stm32f4xx_hal_msp.o"
arm-none-eabi-gcc "../Core/Src/stm32f4xx_it.c" -mcpu=cortex-m4 -std=gnu11 -g3 -DDEBUG -DUSE_HAL_DRIVER -DSTM32F401xE -c -I../Core/Inc -I../Drivers/STM32F4xx_HAL_Driver/Inc -I../Drivers/STM32F4xx_HAL_Driver/Inc/Legacy -I../Drivers/CMSIS/Device/ST/STM32F4xx/Include -I../Drivers/CMSIS/Include -O0 -ffunction-sections -fdata-sections -Wall -fstack-usage -fcyclomatic-complexity -MMD -MP -MF"Core/Src/stm32f4xx_it.d" -MT"Core/Src/stm32f4xx_it.o" --specs=nano.specs -mfpu=fpv4-sp-d16 -mfloat-abi=hard -mthumb -o "Core/Src/stm32f4xx_it.o"
arm-none-eabi-gcc "../Core/Src/syscalls.c" -mcpu=cortex-m4 -std=gnu11 -g3 -DDEBUG -DUSE_HAL_DRIVER -DSTM32F401xE -c -I../Core/Inc -I../Drivers/STM32F4xx_HAL_Driver/Inc -I../Drivers/STM32F4xx_HAL_Driver/Inc/Legacy -I../Drivers/CMSIS/Device/ST/STM32F4xx/Include -I../Drivers/CMSIS/Include -O0 -ffunction-sections -fdata-sections -Wall -fstack-usage -fcyclomatic-complexity -MMD -MP -MF"Core/Src/syscalls.d" -MT"Core/Src/syscalls.o" --specs=nano.specs -mfpu=fpv4-sp-d16 -mfloat-abi=hard -mthumb -o "Core/Src/syscalls.o"
arm-none-eabi-gcc "../Core/Src/sysmem.c" -mcpu=cortex-m4 -std=gnu11 -g3 -DDEBUG -DUSE_HAL_DRIVER -DSTM32F401xE -c -I../Core/Inc -I../Drivers/STM32F4xx_HAL_Driver/Inc -I../Drivers/STM32F4xx_HAL_Driver/Inc/Legacy -I../Drivers/CMSIS/Device/ST/STM32F4xx/Include -I../Drivers/CMSIS/Include -O0 -ffunction-sections -fdata-sections -Wall -fstack-usage -fcyclomatic-complexity -MMD -MP -MF"Core/Src/sysmem.d" -MT"Core/Src/sysmem.o" --specs=nano.specs -mfpu=fpv4-sp-d16 -mfloat-abi=hard -mthumb -o "Core/Src/sysmem.o"
arm-none-eabi-gcc "../Core/Src/system_stm32f4xx.c" -mcpu=cortex-m4 -std=gnu11 -g3 -DDEBUG -DUSE_HAL_DRIVER -DSTM32F401xE -c -I../Core/Inc -I../Drivers/STM32F4xx_HAL_Driver/Inc -I../Drivers/STM32F4xx_HAL_Driver/Inc/Legacy -I../Drivers/CMSIS/Device/ST/STM32F4xx/Include -I../Drivers/CMSIS/Include -O0 -ffunction-sections -fdata-sections -Wall -fstack-usage -fcyclomatic-complexity -MMD -MP -MF"Core/Src/system_stm32f4xx.d" -MT"Core/Src/system_stm32f4xx.o" --specs=nano.specs -mfpu=fpv4-sp-d16 -mfloat-abi=hard -mthumb -o "Core/Src/system_stm32f4xx.o"
../Core/Src/main.c: In function 'main':
../Core/Src/main.c:154:31: warning: passing argument 2 of 'HAL_UART_Receive' makes pointer from integer without a cast [-Wint-conversion]
  154 |     HAL_UART_Receive(&huart1, rxData, 32, 1000);
      |                               ^~~~~~
      |                               |
      |                               int
In file included from ../Core/Inc/stm32f4xx_hal_conf.h:411,
                 from ../Drivers/STM32F4xx_HAL_Driver/Inc/stm32f4xx_hal.h:29,
                 from ../Core/Inc/main.h:30,
                 from ../Core/Src/main.c:20:
../Drivers/STM32F4xx_HAL_Driver/Inc/stm32f4xx_hal_uart.h:746:72: note: expected 'uint8_t *' {aka 'unsigned char *'} but argument is of type 'int'
  746 | HAL_StatusTypeDef HAL_UART_Receive(UART_HandleTypeDef *huart, uint8_t *pData, uint16_t Size, uint32_t Timeout);
      |                                                               ~~~~~~~~~^~~~~
../Core/Src/main.c:156:5: warning: implicit declaration of function 'snprintf' [-Wimplicit-function-declaration]
  156 |     snprintf(buffer, sizeof(buffer), "TDS: %d", rxData);
      |     ^~~~~~~~
../Core/Src/main.c:21:1: note: include '<stdio.h>' or provide a declaration of 'snprintf'
   20 | #include "main.h"
  +++ |+#include <stdio.h>
   21 | 
../Core/Src/main.c:156:5: warning: incompatible implicit declaration of built-in function 'snprintf' [-Wbuiltin-declaration-mismatch]
  156 |     snprintf(buffer, sizeof(buffer), "TDS: %d", rxData);
      |     ^~~~~~~~
../Core/Src/main.c:156:5: note: include '<stdio.h>' or provide a declaration of 'snprintf'
../Core/Src/main.c:157:51: warning: implicit declaration of function 'strlen' [-Wimplicit-function-declaration]
  157 |     HAL_UART_Transmit(&huart2, (uint8_t *)buffer, strlen(buffer), HAL_MAX_DELAY);
      |                                                   ^~~~~~
../Core/Src/main.c:21:1: note: include '<string.h>' or provide a declaration of 'strlen'
   20 | #include "main.h"
  +++ |+#include <string.h>
   21 | 
../Core/Src/main.c:157:51: warning: incompatible implicit declaration of built-in function 'strlen' [-Wbuiltin-declaration-mismatch]
  157 |     HAL_UART_Transmit(&huart2, (uint8_t *)buffer, strlen(buffer), HAL_MAX_DELAY);
      |                                                   ^~~~~~
../Core/Src/main.c:157:51: note: include '<string.h>' or provide a declaration of 'strlen'
../Core/Src/main.c:82:11: warning: variable 'txData' set but not used [-Wunused-but-set-variable]
   82 |   uint8_t txData[2]; // Data to transmit
      |           ^~~~~~
../Core/Src/main.c:154:5: warning: 'rxData' may be used uninitialized [-Wmaybe-uninitialized]
  154 |     HAL_UART_Receive(&huart1, rxData, 32, 1000);
      |     ^~~~~~~~~~~~~~~~~~~~~~~~~~~~~~~~~~~~~~~~~~~
../Core/Src/main.c:83:7: note: 'rxData' was declared here
   83 |   int rxData; // Store received data
      |       ^~~~~~
arm-none-eabi-gcc -o "CommunicationMaster.elf" @"objects.list"   -mcpu=cortex-m4 -T"C:\Users\BillL\Desktop\ECE-198-project-main\ECE-198-project-main\Communication\CommunicationMaster\STM32F401RETX_FLASH.ld" --specs=nosys.specs -Wl,-Map="CommunicationMaster.map" -Wl,--gc-sections -static --specs=nano.specs -mfpu=fpv4-sp-d16 -mfloat-abi=hard -mthumb -Wl,--start-group -lc -lm -Wl,--end-group
Finished building target: CommunicationMaster.elf
 
arm-none-eabi-size  CommunicationMaster.elf 
arm-none-eabi-objdump -h -S CommunicationMaster.elf  > "CommunicationMaster.list"
   text	   data	    bss	    dec	    hex	filename
  11868	     92	   2044	  14004	   36b4	CommunicationMaster.elf
Finished building: default.size.stdout
 
Finished building: CommunicationMaster.list
 
23:55:26 **** Incremental Build of configuration Debug for project CommunicationMaster ****
make -j32 all 
arm-none-eabi-gcc "../Core/Src/main.c" -mcpu=cortex-m4 -std=gnu11 -g3 -DDEBUG -DUSE_HAL_DRIVER -DSTM32F401xE -c -I../Core/Inc -I../Drivers/STM32F4xx_HAL_Driver/Inc -I../Drivers/STM32F4xx_HAL_Driver/Inc/Legacy -I../Drivers/CMSIS/Device/ST/STM32F4xx/Include -I../Drivers/CMSIS/Include -O0 -ffunction-sections -fdata-sections -Wall -fstack-usage -fcyclomatic-complexity -MMD -MP -MF"Core/Src/main.d" -MT"Core/Src/main.o" --specs=nano.specs -mfpu=fpv4-sp-d16 -mfloat-abi=hard -mthumb -o "Core/Src/main.o"
../Core/Src/main.c: In function 'main':
../Core/Src/main.c:154:31: warning: passing argument 2 of 'HAL_UART_Receive' makes pointer from integer without a cast [-Wint-conversion]
  154 |     HAL_UART_Receive(&huart1, rxData, 32, 1000);
      |                               ^~~~~~
      |                               |
      |                               int
In file included from ../Core/Inc/stm32f4xx_hal_conf.h:411,
                 from ../Drivers/STM32F4xx_HAL_Driver/Inc/stm32f4xx_hal.h:29,
                 from ../Core/Inc/main.h:30,
                 from ../Core/Src/main.c:20:
../Drivers/STM32F4xx_HAL_Driver/Inc/stm32f4xx_hal_uart.h:746:72: note: expected 'uint8_t *' {aka 'unsigned char *'} but argument is of type 'int'
  746 | HAL_StatusTypeDef HAL_UART_Receive(UART_HandleTypeDef *huart, uint8_t *pData, uint16_t Size, uint32_t Timeout);
      |                                                               ~~~~~~~~~^~~~~
../Core/Src/main.c:156:5: warning: implicit declaration of function 'snprintf' [-Wimplicit-function-declaration]
  156 |     snprintf(buffer, sizeof(buffer), "TDS: %d", rxData);
      |     ^~~~~~~~
../Core/Src/main.c:21:1: note: include '<stdio.h>' or provide a declaration of 'snprintf'
   20 | #include "main.h"
  +++ |+#include <stdio.h>
   21 | 
../Core/Src/main.c:156:5: warning: incompatible implicit declaration of built-in function 'snprintf' [-Wbuiltin-declaration-mismatch]
  156 |     snprintf(buffer, sizeof(buffer), "TDS: %d", rxData);
      |     ^~~~~~~~
../Core/Src/main.c:156:5: note: include '<stdio.h>' or provide a declaration of 'snprintf'
../Core/Src/main.c:157:51: warning: implicit declaration of function 'strlen' [-Wimplicit-function-declaration]
  157 |     HAL_UART_Transmit(&huart2, (uint8_t *)buffer, strlen(buffer), HAL_MAX_DELAY);
      |                                                   ^~~~~~
../Core/Src/main.c:21:1: note: include '<string.h>' or provide a declaration of 'strlen'
   20 | #include "main.h"
  +++ |+#include <string.h>
   21 | 
../Core/Src/main.c:157:51: warning: incompatible implicit declaration of built-in function 'strlen' [-Wbuiltin-declaration-mismatch]
  157 |     HAL_UART_Transmit(&huart2, (uint8_t *)buffer, strlen(buffer), HAL_MAX_DELAY);
      |                                                   ^~~~~~
../Core/Src/main.c:157:51: note: include '<string.h>' or provide a declaration of 'strlen'
../Core/Src/main.c:82:11: warning: variable 'txData' set but not used [-Wunused-but-set-variable]
   82 |   uint8_t txData[2]; // Data to transmit
      |           ^~~~~~
arm-none-eabi-gcc -o "CommunicationMaster.elf" @"objects.list"   -mcpu=cortex-m4 -T"C:\Users\BillL\Desktop\ECE-198-project-main\ECE-198-project-main\Communication\CommunicationMaster\STM32F401RETX_FLASH.ld" --specs=nosys.specs -Wl,-Map="CommunicationMaster.map" -Wl,--gc-sections -static --specs=nano.specs -mfpu=fpv4-sp-d16 -mfloat-abi=hard -mthumb -Wl,--start-group -lc -lm -Wl,--end-group
Finished building target: CommunicationMaster.elf
 
arm-none-eabi-size  CommunicationMaster.elf 
arm-none-eabi-objdump -h -S CommunicationMaster.elf  > "CommunicationMaster.list"
   text	   data	    bss	    dec	    hex	filename
  11872	     92	   2044	  14008	   36b8	CommunicationMaster.elf
Finished building: default.size.stdout
 
Finished building: CommunicationMaster.list
 
23:56:21 **** Incremental Build of configuration Debug for project CommunicationMaster ****
make -j32 all 
arm-none-eabi-gcc "../Core/Src/main.c" -mcpu=cortex-m4 -std=gnu11 -g3 -DDEBUG -DUSE_HAL_DRIVER -DSTM32F401xE -c -I../Core/Inc -I../Drivers/STM32F4xx_HAL_Driver/Inc -I../Drivers/STM32F4xx_HAL_Driver/Inc/Legacy -I../Drivers/CMSIS/Device/ST/STM32F4xx/Include -I../Drivers/CMSIS/Include -O0 -ffunction-sections -fdata-sections -Wall -fstack-usage -fcyclomatic-complexity -MMD -MP -MF"Core/Src/main.d" -MT"Core/Src/main.o" --specs=nano.specs -mfpu=fpv4-sp-d16 -mfloat-abi=hard -mthumb -o "Core/Src/main.o"
../Core/Src/main.c: In function 'main':
../Core/Src/main.c:154:31: warning: passing argument 2 of 'HAL_UART_Receive' makes pointer from integer without a cast [-Wint-conversion]
  154 |     HAL_UART_Receive(&huart1, rxData, 32, HAL_MAX_DELAY);
      |                               ^~~~~~
      |                               |
      |                               int
In file included from ../Core/Inc/stm32f4xx_hal_conf.h:411,
                 from ../Drivers/STM32F4xx_HAL_Driver/Inc/stm32f4xx_hal.h:29,
                 from ../Core/Inc/main.h:30,
                 from ../Core/Src/main.c:20:
../Drivers/STM32F4xx_HAL_Driver/Inc/stm32f4xx_hal_uart.h:746:72: note: expected 'uint8_t *' {aka 'unsigned char *'} but argument is of type 'int'
  746 | HAL_StatusTypeDef HAL_UART_Receive(UART_HandleTypeDef *huart, uint8_t *pData, uint16_t Size, uint32_t Timeout);
      |                                                               ~~~~~~~~~^~~~~
../Core/Src/main.c:156:5: warning: implicit declaration of function 'snprintf' [-Wimplicit-function-declaration]
  156 |     snprintf(buffer, sizeof(buffer), "TDS: %d", rxData);
      |     ^~~~~~~~
../Core/Src/main.c:21:1: note: include '<stdio.h>' or provide a declaration of 'snprintf'
   20 | #include "main.h"
  +++ |+#include <stdio.h>
   21 | 
../Core/Src/main.c:156:5: warning: incompatible implicit declaration of built-in function 'snprintf' [-Wbuiltin-declaration-mismatch]
  156 |     snprintf(buffer, sizeof(buffer), "TDS: %d", rxData);
      |     ^~~~~~~~
../Core/Src/main.c:156:5: note: include '<stdio.h>' or provide a declaration of 'snprintf'
../Core/Src/main.c:157:51: warning: implicit declaration of function 'strlen' [-Wimplicit-function-declaration]
  157 |     HAL_UART_Transmit(&huart2, (uint8_t *)buffer, strlen(buffer), HAL_MAX_DELAY);
      |                                                   ^~~~~~
../Core/Src/main.c:21:1: note: include '<string.h>' or provide a declaration of 'strlen'
   20 | #include "main.h"
  +++ |+#include <string.h>
   21 | 
../Core/Src/main.c:157:51: warning: incompatible implicit declaration of built-in function 'strlen' [-Wbuiltin-declaration-mismatch]
  157 |     HAL_UART_Transmit(&huart2, (uint8_t *)buffer, strlen(buffer), HAL_MAX_DELAY);
      |                                                   ^~~~~~
../Core/Src/main.c:157:51: note: include '<string.h>' or provide a declaration of 'strlen'
../Core/Src/main.c:82:11: warning: variable 'txData' set but not used [-Wunused-but-set-variable]
   82 |   uint8_t txData[2]; // Data to transmit
      |           ^~~~~~
../Core/Src/main.c:154:5: warning: 'rxData' may be used uninitialized [-Wmaybe-uninitialized]
  154 |     HAL_UART_Receive(&huart1, rxData, 32, HAL_MAX_DELAY);
      |     ^~~~~~~~~~~~~~~~~~~~~~~~~~~~~~~~~~~~~~~~~~~~~~~~~~~~
../Core/Src/main.c:83:7: note: 'rxData' was declared here
   83 |   int rxData; // Store received data
      |       ^~~~~~
arm-none-eabi-gcc -o "CommunicationMaster.elf" @"objects.list"   -mcpu=cortex-m4 -T"C:\Users\BillL\Desktop\ECE-198-project-main\ECE-198-project-main\Communication\CommunicationMaster\STM32F401RETX_FLASH.ld" --specs=nosys.specs -Wl,-Map="CommunicationMaster.map" -Wl,--gc-sections -static --specs=nano.specs -mfpu=fpv4-sp-d16 -mfloat-abi=hard -mthumb -Wl,--start-group -lc -lm -Wl,--end-group
Finished building target: CommunicationMaster.elf
 
arm-none-eabi-size  CommunicationMaster.elf 
arm-none-eabi-objdump -h -S CommunicationMaster.elf  > "CommunicationMaster.list"
   text	   data	    bss	    dec	    hex	filename
  11868	     92	   2044	  14004	   36b4	CommunicationMaster.elf
Finished building: default.size.stdout
 
Finished building: CommunicationMaster.list
 
23:58:11 **** Incremental Build of configuration Debug for project CommunicationMaster ****
make -j32 all 
arm-none-eabi-gcc "../Core/Src/main.c" -mcpu=cortex-m4 -std=gnu11 -g3 -DDEBUG -DUSE_HAL_DRIVER -DSTM32F401xE -c -I../Core/Inc -I../Drivers/STM32F4xx_HAL_Driver/Inc -I../Drivers/STM32F4xx_HAL_Driver/Inc/Legacy -I../Drivers/CMSIS/Device/ST/STM32F4xx/Include -I../Drivers/CMSIS/Include -O0 -ffunction-sections -fdata-sections -Wall -fstack-usage -fcyclomatic-complexity -MMD -MP -MF"Core/Src/main.d" -MT"Core/Src/main.o" --specs=nano.specs -mfpu=fpv4-sp-d16 -mfloat-abi=hard -mthumb -o "Core/Src/main.o"
../Core/Src/main.c: In function 'main':
../Core/Src/main.c:155:31: warning: passing argument 2 of 'HAL_UART_Receive' makes pointer from integer without a cast [-Wint-conversion]
  155 |     HAL_UART_Receive(&huart1, rxData, 32, HAL_MAX_DELAY);
      |                               ^~~~~~
      |                               |
      |                               int
In file included from ../Core/Inc/stm32f4xx_hal_conf.h:411,
                 from ../Drivers/STM32F4xx_HAL_Driver/Inc/stm32f4xx_hal.h:29,
                 from ../Core/Inc/main.h:30,
                 from ../Core/Src/main.c:20:
../Drivers/STM32F4xx_HAL_Driver/Inc/stm32f4xx_hal_uart.h:746:72: note: expected 'uint8_t *' {aka 'unsigned char *'} but argument is of type 'int'
  746 | HAL_StatusTypeDef HAL_UART_Receive(UART_HandleTypeDef *huart, uint8_t *pData, uint16_t Size, uint32_t Timeout);
      |                                                               ~~~~~~~~~^~~~~
../Core/Src/main.c:157:5: warning: implicit declaration of function 'snprintf' [-Wimplicit-function-declaration]
  157 |     snprintf(buffer, sizeof(buffer), "TDS: %d", rxData);
      |     ^~~~~~~~
../Core/Src/main.c:21:1: note: include '<stdio.h>' or provide a declaration of 'snprintf'
   20 | #include "main.h"
  +++ |+#include <stdio.h>
   21 | 
../Core/Src/main.c:157:5: warning: incompatible implicit declaration of built-in function 'snprintf' [-Wbuiltin-declaration-mismatch]
  157 |     snprintf(buffer, sizeof(buffer), "TDS: %d", rxData);
      |     ^~~~~~~~
../Core/Src/main.c:157:5: note: include '<stdio.h>' or provide a declaration of 'snprintf'
../Core/Src/main.c:158:51: warning: implicit declaration of function 'strlen' [-Wimplicit-function-declaration]
  158 |     HAL_UART_Transmit(&huart2, (uint8_t *)buffer, strlen(buffer), HAL_MAX_DELAY);
      |                                                   ^~~~~~
../Core/Src/main.c:21:1: note: include '<string.h>' or provide a declaration of 'strlen'
   20 | #include "main.h"
  +++ |+#include <string.h>
   21 | 
../Core/Src/main.c:158:51: warning: incompatible implicit declaration of built-in function 'strlen' [-Wbuiltin-declaration-mismatch]
  158 |     HAL_UART_Transmit(&huart2, (uint8_t *)buffer, strlen(buffer), HAL_MAX_DELAY);
      |                                                   ^~~~~~
../Core/Src/main.c:158:51: note: include '<string.h>' or provide a declaration of 'strlen'
../Core/Src/main.c:155:5: warning: 'rxData' may be used uninitialized [-Wmaybe-uninitialized]
  155 |     HAL_UART_Receive(&huart1, rxData, 32, HAL_MAX_DELAY);
      |     ^~~~~~~~~~~~~~~~~~~~~~~~~~~~~~~~~~~~~~~~~~~~~~~~~~~~
../Core/Src/main.c:83:7: note: 'rxData' was declared here
   83 |   int rxData; // Store received data
      |       ^~~~~~
arm-none-eabi-gcc -o "CommunicationMaster.elf" @"objects.list"   -mcpu=cortex-m4 -T"C:\Users\BillL\Desktop\ECE-198-project-main\ECE-198-project-main\Communication\CommunicationMaster\STM32F401RETX_FLASH.ld" --specs=nosys.specs -Wl,-Map="CommunicationMaster.map" -Wl,--gc-sections -static --specs=nano.specs -mfpu=fpv4-sp-d16 -mfloat-abi=hard -mthumb -Wl,--start-group -lc -lm -Wl,--end-group
Finished building target: CommunicationMaster.elf
 
arm-none-eabi-size  CommunicationMaster.elf 
arm-none-eabi-objdump -h -S CommunicationMaster.elf  > "CommunicationMaster.list"
   text	   data	    bss	    dec	    hex	filename
  11884	     92	   2044	  14020	   36c4	CommunicationMaster.elf
Finished building: default.size.stdout
 
Finished building: CommunicationMaster.list
 
00:01:21 **** Incremental Build of configuration Debug for project CommunicationMaster ****
make -j32 all 
arm-none-eabi-gcc "../Core/Src/main.c" -mcpu=cortex-m4 -std=gnu11 -g3 -DDEBUG -DUSE_HAL_DRIVER -DSTM32F401xE -c -I../Core/Inc -I../Drivers/STM32F4xx_HAL_Driver/Inc -I../Drivers/STM32F4xx_HAL_Driver/Inc/Legacy -I../Drivers/CMSIS/Device/ST/STM32F4xx/Include -I../Drivers/CMSIS/Include -O0 -ffunction-sections -fdata-sections -Wall -fstack-usage -fcyclomatic-complexity -MMD -MP -MF"Core/Src/main.d" -MT"Core/Src/main.o" --specs=nano.specs -mfpu=fpv4-sp-d16 -mfloat-abi=hard -mthumb -o "Core/Src/main.o"
../Core/Src/main.c: In function 'main':
../Core/Src/main.c:155:31: warning: passing argument 2 of 'HAL_UART_Receive' makes pointer from integer without a cast [-Wint-conversion]
  155 |     HAL_UART_Receive(&huart1, rxData, 32, HAL_MAX_DELAY);
      |                               ^~~~~~
      |                               |
      |                               int
In file included from ../Core/Inc/stm32f4xx_hal_conf.h:411,
                 from ../Drivers/STM32F4xx_HAL_Driver/Inc/stm32f4xx_hal.h:29,
                 from ../Core/Inc/main.h:30,
                 from ../Core/Src/main.c:20:
../Drivers/STM32F4xx_HAL_Driver/Inc/stm32f4xx_hal_uart.h:746:72: note: expected 'uint8_t *' {aka 'unsigned char *'} but argument is of type 'int'
  746 | HAL_StatusTypeDef HAL_UART_Receive(UART_HandleTypeDef *huart, uint8_t *pData, uint16_t Size, uint32_t Timeout);
      |                                                               ~~~~~~~~~^~~~~
../Core/Src/main.c:157:5: warning: implicit declaration of function 'snprintf' [-Wimplicit-function-declaration]
  157 |     snprintf(buffer, sizeof(buffer), "TDS: %d", rxData);
      |     ^~~~~~~~
../Core/Src/main.c:21:1: note: include '<stdio.h>' or provide a declaration of 'snprintf'
   20 | #include "main.h"
  +++ |+#include <stdio.h>
   21 | 
../Core/Src/main.c:157:5: warning: incompatible implicit declaration of built-in function 'snprintf' [-Wbuiltin-declaration-mismatch]
  157 |     snprintf(buffer, sizeof(buffer), "TDS: %d", rxData);
      |     ^~~~~~~~
../Core/Src/main.c:157:5: note: include '<stdio.h>' or provide a declaration of 'snprintf'
../Core/Src/main.c:158:51: warning: implicit declaration of function 'strlen' [-Wimplicit-function-declaration]
  158 |     HAL_UART_Transmit(&huart2, (uint8_t *)buffer, strlen(buffer), HAL_MAX_DELAY);
      |                                                   ^~~~~~
../Core/Src/main.c:21:1: note: include '<string.h>' or provide a declaration of 'strlen'
   20 | #include "main.h"
  +++ |+#include <string.h>
   21 | 
../Core/Src/main.c:158:51: warning: incompatible implicit declaration of built-in function 'strlen' [-Wbuiltin-declaration-mismatch]
  158 |     HAL_UART_Transmit(&huart2, (uint8_t *)buffer, strlen(buffer), HAL_MAX_DELAY);
      |                                                   ^~~~~~
../Core/Src/main.c:158:51: note: include '<string.h>' or provide a declaration of 'strlen'
../Core/Src/main.c:155:5: warning: 'rxData' may be used uninitialized [-Wmaybe-uninitialized]
  155 |     HAL_UART_Receive(&huart1, rxData, 32, HAL_MAX_DELAY);
      |     ^~~~~~~~~~~~~~~~~~~~~~~~~~~~~~~~~~~~~~~~~~~~~~~~~~~~
../Core/Src/main.c:83:7: note: 'rxData' was declared here
   83 |   int rxData; // Store received data
      |       ^~~~~~
arm-none-eabi-gcc -o "CommunicationMaster.elf" @"objects.list"   -mcpu=cortex-m4 -T"C:\Users\BillL\Desktop\ECE-198-project-main\ECE-198-project-main\Communication\CommunicationMaster\STM32F401RETX_FLASH.ld" --specs=nosys.specs -Wl,-Map="CommunicationMaster.map" -Wl,--gc-sections -static --specs=nano.specs -mfpu=fpv4-sp-d16 -mfloat-abi=hard -mthumb -Wl,--start-group -lc -lm -Wl,--end-group
Finished building target: CommunicationMaster.elf
 
arm-none-eabi-size  CommunicationMaster.elf 
arm-none-eabi-objdump -h -S CommunicationMaster.elf  > "CommunicationMaster.list"
   text	   data	    bss	    dec	    hex	filename
  11884	     92	   2044	  14020	   36c4	CommunicationMaster.elf
Finished building: default.size.stdout
 
Finished building: CommunicationMaster.list
 
00:05:49 **** Incremental Build of configuration Debug for project CommunicationMaster ****
make -j32 all 
arm-none-eabi-size  CommunicationMaster.elf 
   text	   data	    bss	    dec	    hex	filename
  11884	     92	   2044	  14020	   36c4	CommunicationMaster.elf
Finished building: default.size.stdout
 
00:07:30 **** Incremental Build of configuration Debug for project CommunicationMaster ****
make -j32 all 
arm-none-eabi-gcc "../Core/Src/main.c" -mcpu=cortex-m4 -std=gnu11 -g3 -DDEBUG -DUSE_HAL_DRIVER -DSTM32F401xE -c -I../Core/Inc -I../Drivers/STM32F4xx_HAL_Driver/Inc -I../Drivers/STM32F4xx_HAL_Driver/Inc/Legacy -I../Drivers/CMSIS/Device/ST/STM32F4xx/Include -I../Drivers/CMSIS/Include -O0 -ffunction-sections -fdata-sections -Wall -fstack-usage -fcyclomatic-complexity -MMD -MP -MF"Core/Src/main.d" -MT"Core/Src/main.o" --specs=nano.specs -mfpu=fpv4-sp-d16 -mfloat-abi=hard -mthumb -o "Core/Src/main.o"
../Core/Src/main.c: In function 'main':
../Core/Src/main.c:159:5: warning: implicit declaration of function 'memcpy' [-Wimplicit-function-declaration]
  159 |     memcpy(&received_value, buffer1, sizeof(received_value))
      |     ^~~~~~
../Core/Src/main.c:21:1: note: include '<string.h>' or provide a declaration of 'memcpy'
   20 | #include "main.h"
  +++ |+#include <string.h>
   21 | 
../Core/Src/main.c:159:5: warning: incompatible implicit declaration of built-in function 'memcpy' [-Wbuiltin-declaration-mismatch]
  159 |     memcpy(&received_value, buffer1, sizeof(received_value))
      |     ^~~~~~
../Core/Src/main.c:159:5: note: include '<string.h>' or provide a declaration of 'memcpy'
../Core/Src/main.c:159:61: error: expected ';' before 'char'
  159 |     memcpy(&received_value, buffer1, sizeof(received_value))
      |                                                             ^
      |                                                             ;
  160 |     char buffer[50];
      |     ~~~~                                                     
../Core/Src/main.c:161:5: warning: implicit declaration of function 'snprintf' [-Wimplicit-function-declaration]
  161 |     snprintf(buffer, sizeof(buffer), "TDS: %d", received_value);
      |     ^~~~~~~~
../Core/Src/main.c:21:1: note: include '<stdio.h>' or provide a declaration of 'snprintf'
   20 | #include "main.h"
  +++ |+#include <stdio.h>
   21 | 
../Core/Src/main.c:161:5: warning: incompatible implicit declaration of built-in function 'snprintf' [-Wbuiltin-declaration-mismatch]
  161 |     snprintf(buffer, sizeof(buffer), "TDS: %d", received_value);
      |     ^~~~~~~~
../Core/Src/main.c:161:5: note: include '<stdio.h>' or provide a declaration of 'snprintf'
../Core/Src/main.c:161:14: error: 'buffer' undeclared (first use in this function); did you mean 'buffer1'?
  161 |     snprintf(buffer, sizeof(buffer), "TDS: %d", received_value);
      |              ^~~~~~
      |              buffer1
../Core/Src/main.c:161:14: note: each undeclared identifier is reported only once for each function it appears in
../Core/Src/main.c:162:51: warning: implicit declaration of function 'strlen' [-Wimplicit-function-declaration]
  162 |     HAL_UART_Transmit(&huart2, (uint8_t *)buffer, strlen(buffer), HAL_MAX_DELAY);
      |                                                   ^~~~~~
../Core/Src/main.c:162:51: note: include '<string.h>' or provide a declaration of 'strlen'
../Core/Src/main.c:162:51: warning: incompatible implicit declaration of built-in function 'strlen' [-Wbuiltin-declaration-mismatch]
../Core/Src/main.c:162:51: note: include '<string.h>' or provide a declaration of 'strlen'
../Core/Src/main.c:83:7: warning: unused variable 'rxData' [-Wunused-variable]
   83 |   int rxData; // Store received data
      |       ^~~~~~
make: *** [Core/Src/subdir.mk:34: Core/Src/main.o] Error 1
"make -j32 all" terminated with exit code 2. Build might be incomplete.
00:07:39 **** Incremental Build of configuration Debug for project CommunicationMaster ****
make -j32 all 
arm-none-eabi-gcc "../Core/Src/main.c" -mcpu=cortex-m4 -std=gnu11 -g3 -DDEBUG -DUSE_HAL_DRIVER -DSTM32F401xE -c -I../Core/Inc -I../Drivers/STM32F4xx_HAL_Driver/Inc -I../Drivers/STM32F4xx_HAL_Driver/Inc/Legacy -I../Drivers/CMSIS/Device/ST/STM32F4xx/Include -I../Drivers/CMSIS/Include -O0 -ffunction-sections -fdata-sections -Wall -fstack-usage -fcyclomatic-complexity -MMD -MP -MF"Core/Src/main.d" -MT"Core/Src/main.o" --specs=nano.specs -mfpu=fpv4-sp-d16 -mfloat-abi=hard -mthumb -o "Core/Src/main.o"
../Core/Src/main.c: In function 'main':
../Core/Src/main.c:159:5: warning: implicit declaration of function 'memcpy' [-Wimplicit-function-declaration]
  159 |     memcpy(&received_value, buffer1, sizeof(received_value));
      |     ^~~~~~
../Core/Src/main.c:21:1: note: include '<string.h>' or provide a declaration of 'memcpy'
   20 | #include "main.h"
  +++ |+#include <string.h>
   21 | 
../Core/Src/main.c:159:5: warning: incompatible implicit declaration of built-in function 'memcpy' [-Wbuiltin-declaration-mismatch]
  159 |     memcpy(&received_value, buffer1, sizeof(received_value));
      |     ^~~~~~
../Core/Src/main.c:159:5: note: include '<string.h>' or provide a declaration of 'memcpy'
../Core/Src/main.c:161:5: warning: implicit declaration of function 'snprintf' [-Wimplicit-function-declaration]
  161 |     snprintf(buffer, sizeof(buffer), "TDS: %d", received_value);
      |     ^~~~~~~~
../Core/Src/main.c:21:1: note: include '<stdio.h>' or provide a declaration of 'snprintf'
   20 | #include "main.h"
  +++ |+#include <stdio.h>
   21 | 
../Core/Src/main.c:161:5: warning: incompatible implicit declaration of built-in function 'snprintf' [-Wbuiltin-declaration-mismatch]
  161 |     snprintf(buffer, sizeof(buffer), "TDS: %d", received_value);
      |     ^~~~~~~~
../Core/Src/main.c:161:5: note: include '<stdio.h>' or provide a declaration of 'snprintf'
../Core/Src/main.c:162:51: warning: implicit declaration of function 'strlen' [-Wimplicit-function-declaration]
  162 |     HAL_UART_Transmit(&huart2, (uint8_t *)buffer, strlen(buffer), HAL_MAX_DELAY);
      |                                                   ^~~~~~
../Core/Src/main.c:162:51: note: include '<string.h>' or provide a declaration of 'strlen'
../Core/Src/main.c:162:51: warning: incompatible implicit declaration of built-in function 'strlen' [-Wbuiltin-declaration-mismatch]
../Core/Src/main.c:162:51: note: include '<string.h>' or provide a declaration of 'strlen'
../Core/Src/main.c:83:7: warning: unused variable 'rxData' [-Wunused-variable]
   83 |   int rxData; // Store received data
      |       ^~~~~~
arm-none-eabi-gcc -o "CommunicationMaster.elf" @"objects.list"   -mcpu=cortex-m4 -T"C:\Users\BillL\Desktop\ECE-198-project-main\ECE-198-project-main\Communication\CommunicationMaster\STM32F401RETX_FLASH.ld" --specs=nosys.specs -Wl,-Map="CommunicationMaster.map" -Wl,--gc-sections -static --specs=nano.specs -mfpu=fpv4-sp-d16 -mfloat-abi=hard -mthumb -Wl,--start-group -lc -lm -Wl,--end-group
Finished building target: CommunicationMaster.elf
 
arm-none-eabi-size  CommunicationMaster.elf 
arm-none-eabi-objdump -h -S CommunicationMaster.elf  > "CommunicationMaster.list"
   text	   data	    bss	    dec	    hex	filename
  11892	     92	   2044	  14028	   36cc	CommunicationMaster.elf
Finished building: default.size.stdout
 
Finished building: CommunicationMaster.list
 
00:10:07 **** Incremental Build of configuration Debug for project CommunicationSlave ****
make -j32 all 
arm-none-eabi-gcc "../Core/Src/main.c" -mcpu=cortex-m4 -std=gnu11 -g3 -DDEBUG -DUSE_HAL_DRIVER -DSTM32F401xE -c -I../Core/Inc -I../Drivers/STM32F4xx_HAL_Driver/Inc -I../Drivers/STM32F4xx_HAL_Driver/Inc/Legacy -I../Drivers/CMSIS/Device/ST/STM32F4xx/Include -I../Drivers/CMSIS/Include -O0 -ffunction-sections -fdata-sections -Wall -fstack-usage -fcyclomatic-complexity -MMD -MP -MF"Core/Src/main.d" -MT"Core/Src/main.o" --specs=nano.specs -mfpu=fpv4-sp-d16 -mfloat-abi=hard -mthumb -o "Core/Src/main.o"
../Core/Src/main.c: In function 'main':
../Core/Src/main.c:153:11: warning: implicit declaration of function 'memcpy' [-Wimplicit-function-declaration]
  153 |           memcpy(data, &tdsValue, sizeof(tdsValue)); // ? int ?
      |           ^~~~~~
../Core/Src/main.c:21:1: note: include '<string.h>' or provide a declaration of 'memcpy'
   20 | #include "main.h"
  +++ |+#include <string.h>
   21 | 
../Core/Src/main.c:153:11: warning: incompatible implicit declaration of built-in function 'memcpy' [-Wbuiltin-declaration-mismatch]
  153 |           memcpy(data, &tdsValue, sizeof(tdsValue)); // ? int ?
      |           ^~~~~~
../Core/Src/main.c:153:11: note: include '<string.h>' or provide a declaration of 'memcpy'
../Core/Src/main.c:166:11: warning: implicit declaration of function 'controlBothMotors' [-Wimplicit-function-declaration]
  166 |           controlBothMotors(motor1Direction, motor2Direction);
      |           ^~~~~~~~~~~~~~~~~
../Core/Src/main.c:170:11: warning: implicit declaration of function 'snprintf' [-Wimplicit-function-declaration]
  170 |           snprintf(buffer, sizeof(buffer), "Sent: %d, Received: %d\r\n", tdsValue, receivedValue);
      |           ^~~~~~~~
../Core/Src/main.c:21:1: note: include '<stdio.h>' or provide a declaration of 'snprintf'
   20 | #include "main.h"
  +++ |+#include <stdio.h>
   21 | 
../Core/Src/main.c:170:11: warning: incompatible implicit declaration of built-in function 'snprintf' [-Wbuiltin-declaration-mismatch]
  170 |           snprintf(buffer, sizeof(buffer), "Sent: %d, Received: %d\r\n", tdsValue, receivedValue);
      |           ^~~~~~~~
../Core/Src/main.c:170:11: note: include '<stdio.h>' or provide a declaration of 'snprintf'
../Core/Src/main.c:171:57: warning: implicit declaration of function 'strlen' [-Wimplicit-function-declaration]
  171 |           HAL_UART_Transmit(&huart2, (uint8_t *)buffer, strlen(buffer), HAL_MAX_DELAY);
      |                                                         ^~~~~~
../Core/Src/main.c:171:57: note: include '<string.h>' or provide a declaration of 'strlen'
../Core/Src/main.c:171:57: warning: incompatible implicit declaration of built-in function 'strlen' [-Wbuiltin-declaration-mismatch]
../Core/Src/main.c:171:57: note: include '<string.h>' or provide a declaration of 'strlen'
../Core/Src/main.c:136:19: warning: variable 'txData' set but not used [-Wunused-but-set-variable]
  136 |           uint8_t txData[4];
      |                   ^~~~~~
../Core/Src/main.c:93:11: warning: unused variable 'rxData' [-Wunused-variable]
   93 |   uint8_t rxData[2]; // Store received data
      |           ^~~~~~
../Core/Src/main.c:92:11: warning: unused variable 'txData' [-Wunused-variable]
   92 |   uint8_t txData[2]; // Data to transmit
      |           ^~~~~~
../Core/Src/main.c: At top level:
../Core/Src/main.c:442:6: warning: conflicting types for 'controlBothMotors'; have 'void(int,  int)'
  442 | void controlBothMotors(int motor1Direction, int motor2Direction)
      |      ^~~~~~~~~~~~~~~~~
../Core/Src/main.c:166:11: note: previous implicit declaration of 'controlBothMotors' with type 'void(int,  int)'
  166 |           controlBothMotors(motor1Direction, motor2Direction);
      |           ^~~~~~~~~~~~~~~~~
arm-none-eabi-gcc -o "CommunicationSlave.elf" @"objects.list"   -mcpu=cortex-m4 -T"C:\Users\BillL\Desktop\ECE-198-project-main\ECE-198-project-main\Communication\CommunicationSlave\STM32F401RETX_FLASH.ld" --specs=nosys.specs -Wl,-Map="CommunicationSlave.map" -Wl,--gc-sections -static --specs=nano.specs -mfpu=fpv4-sp-d16 -mfloat-abi=hard -mthumb -Wl,--start-group -lc -lm -Wl,--end-group
Finished building target: CommunicationSlave.elf
 
arm-none-eabi-size  CommunicationSlave.elf 
arm-none-eabi-objdump -h -S CommunicationSlave.elf  > "CommunicationSlave.list"
   text	   data	    bss	    dec	    hex	filename
  16724	     92	   2204	  19020	   4a4c	CommunicationSlave.elf
Finished building: default.size.stdout
 
Finished building: CommunicationSlave.list
 
00:10:41 **** Incremental Build of configuration Debug for project CommunicationMaster ****
make -j32 all 
arm-none-eabi-gcc "../Core/Src/main.c" -mcpu=cortex-m4 -std=gnu11 -g3 -DDEBUG -DUSE_HAL_DRIVER -DSTM32F401xE -c -I../Core/Inc -I../Drivers/STM32F4xx_HAL_Driver/Inc -I../Drivers/STM32F4xx_HAL_Driver/Inc/Legacy -I../Drivers/CMSIS/Device/ST/STM32F4xx/Include -I../Drivers/CMSIS/Include -O0 -ffunction-sections -fdata-sections -Wall -fstack-usage -fcyclomatic-complexity -MMD -MP -MF"Core/Src/main.d" -MT"Core/Src/main.o" --specs=nano.specs -mfpu=fpv4-sp-d16 -mfloat-abi=hard -mthumb -o "Core/Src/main.o"
../Core/Src/main.c: In function 'main':
../Core/Src/main.c:159:5: warning: implicit declaration of function 'memcpy' [-Wimplicit-function-declaration]
  159 |     memcpy(&received_value, buffer1, sizeof(received_value));
      |     ^~~~~~
../Core/Src/main.c:21:1: note: include '<string.h>' or provide a declaration of 'memcpy'
   20 | #include "main.h"
  +++ |+#include <string.h>
   21 | 
../Core/Src/main.c:159:5: warning: incompatible implicit declaration of built-in function 'memcpy' [-Wbuiltin-declaration-mismatch]
  159 |     memcpy(&received_value, buffer1, sizeof(received_value));
      |     ^~~~~~
../Core/Src/main.c:159:5: note: include '<string.h>' or provide a declaration of 'memcpy'
../Core/Src/main.c:161:5: warning: implicit declaration of function 'snprintf' [-Wimplicit-function-declaration]
  161 |     snprintf(buffer, sizeof(buffer), "TDS: %d", received_value);
      |     ^~~~~~~~
../Core/Src/main.c:21:1: note: include '<stdio.h>' or provide a declaration of 'snprintf'
   20 | #include "main.h"
  +++ |+#include <stdio.h>
   21 | 
../Core/Src/main.c:161:5: warning: incompatible implicit declaration of built-in function 'snprintf' [-Wbuiltin-declaration-mismatch]
  161 |     snprintf(buffer, sizeof(buffer), "TDS: %d", received_value);
      |     ^~~~~~~~
../Core/Src/main.c:161:5: note: include '<stdio.h>' or provide a declaration of 'snprintf'
../Core/Src/main.c:162:51: warning: implicit declaration of function 'strlen' [-Wimplicit-function-declaration]
  162 |     HAL_UART_Transmit(&huart2, (uint8_t *)buffer, strlen(buffer), HAL_MAX_DELAY);
      |                                                   ^~~~~~
../Core/Src/main.c:162:51: note: include '<string.h>' or provide a declaration of 'strlen'
../Core/Src/main.c:162:51: warning: incompatible implicit declaration of built-in function 'strlen' [-Wbuiltin-declaration-mismatch]
../Core/Src/main.c:162:51: note: include '<string.h>' or provide a declaration of 'strlen'
../Core/Src/main.c:83:7: warning: unused variable 'rxData' [-Wunused-variable]
   83 |   int rxData; // Store received data
      |       ^~~~~~
../Core/Src/main.c:82:11: warning: variable 'txData' set but not used [-Wunused-but-set-variable]
   82 |   uint8_t txData[2]; // Data to transmit
      |           ^~~~~~
arm-none-eabi-gcc -o "CommunicationMaster.elf" @"objects.list"   -mcpu=cortex-m4 -T"C:\Users\BillL\Desktop\ECE-198-project-main\ECE-198-project-main\Communication\CommunicationMaster\STM32F401RETX_FLASH.ld" --specs=nosys.specs -Wl,-Map="CommunicationMaster.map" -Wl,--gc-sections -static --specs=nano.specs -mfpu=fpv4-sp-d16 -mfloat-abi=hard -mthumb -Wl,--start-group -lc -lm -Wl,--end-group
Finished building target: CommunicationMaster.elf
 
arm-none-eabi-size  CommunicationMaster.elf 
arm-none-eabi-objdump -h -S CommunicationMaster.elf  > "CommunicationMaster.list"
   text	   data	    bss	    dec	    hex	filename
  11872	     92	   2044	  14008	   36b8	CommunicationMaster.elf
Finished building: default.size.stdout
 
Finished building: CommunicationMaster.list
 
00:12:14 **** Incremental Build of configuration Debug for project CommunicationMaster ****
make -j32 all 
arm-none-eabi-gcc "../Core/Src/main.c" -mcpu=cortex-m4 -std=gnu11 -g3 -DDEBUG -DUSE_HAL_DRIVER -DSTM32F401xE -c -I../Core/Inc -I../Drivers/STM32F4xx_HAL_Driver/Inc -I../Drivers/STM32F4xx_HAL_Driver/Inc/Legacy -I../Drivers/CMSIS/Device/ST/STM32F4xx/Include -I../Drivers/CMSIS/Include -O0 -ffunction-sections -fdata-sections -Wall -fstack-usage -fcyclomatic-complexity -MMD -MP -MF"Core/Src/main.d" -MT"Core/Src/main.o" --specs=nano.specs -mfpu=fpv4-sp-d16 -mfloat-abi=hard -mthumb -o "Core/Src/main.o"
../Core/Src/main.c: In function 'main':
../Core/Src/main.c:159:5: warning: implicit declaration of function 'memcpy' [-Wimplicit-function-declaration]
  159 |     memcpy(&received_value, buffer1, sizeof(received_value));
      |     ^~~~~~
../Core/Src/main.c:21:1: note: include '<string.h>' or provide a declaration of 'memcpy'
   20 | #include "main.h"
  +++ |+#include <string.h>
   21 | 
../Core/Src/main.c:159:5: warning: incompatible implicit declaration of built-in function 'memcpy' [-Wbuiltin-declaration-mismatch]
  159 |     memcpy(&received_value, buffer1, sizeof(received_value));
      |     ^~~~~~
../Core/Src/main.c:159:5: note: include '<string.h>' or provide a declaration of 'memcpy'
../Core/Src/main.c:161:5: warning: implicit declaration of function 'snprintf' [-Wimplicit-function-declaration]
  161 |     snprintf(buffer, sizeof(buffer), "TDS: %d", received_value);
      |     ^~~~~~~~
../Core/Src/main.c:21:1: note: include '<stdio.h>' or provide a declaration of 'snprintf'
   20 | #include "main.h"
  +++ |+#include <stdio.h>
   21 | 
../Core/Src/main.c:161:5: warning: incompatible implicit declaration of built-in function 'snprintf' [-Wbuiltin-declaration-mismatch]
  161 |     snprintf(buffer, sizeof(buffer), "TDS: %d", received_value);
      |     ^~~~~~~~
../Core/Src/main.c:161:5: note: include '<stdio.h>' or provide a declaration of 'snprintf'
../Core/Src/main.c:162:51: warning: implicit declaration of function 'strlen' [-Wimplicit-function-declaration]
  162 |     HAL_UART_Transmit(&huart2, (uint8_t *)buffer, strlen(buffer), HAL_MAX_DELAY);
      |                                                   ^~~~~~
../Core/Src/main.c:162:51: note: include '<string.h>' or provide a declaration of 'strlen'
../Core/Src/main.c:162:51: warning: incompatible implicit declaration of built-in function 'strlen' [-Wbuiltin-declaration-mismatch]
../Core/Src/main.c:162:51: note: include '<string.h>' or provide a declaration of 'strlen'
../Core/Src/main.c:83:7: warning: unused variable 'rxData' [-Wunused-variable]
   83 |   int rxData; // Store received data
      |       ^~~~~~
../Core/Src/main.c:82:11: warning: variable 'txData' set but not used [-Wunused-but-set-variable]
   82 |   uint8_t txData[2]; // Data to transmit
      |           ^~~~~~
arm-none-eabi-gcc -o "CommunicationMaster.elf" @"objects.list"   -mcpu=cortex-m4 -T"C:\Users\BillL\Desktop\ECE-198-project-main\ECE-198-project-main\Communication\CommunicationMaster\STM32F401RETX_FLASH.ld" --specs=nosys.specs -Wl,-Map="CommunicationMaster.map" -Wl,--gc-sections -static --specs=nano.specs -mfpu=fpv4-sp-d16 -mfloat-abi=hard -mthumb -Wl,--start-group -lc -lm -Wl,--end-group
Finished building target: CommunicationMaster.elf
 
arm-none-eabi-size  CommunicationMaster.elf 
arm-none-eabi-objdump -h -S CommunicationMaster.elf  > "CommunicationMaster.list"
   text	   data	    bss	    dec	    hex	filename
  11876	     92	   2044	  14012	   36bc	CommunicationMaster.elf
Finished building: default.size.stdout
 
Finished building: CommunicationMaster.list
 
00:15:00 **** Incremental Build of configuration Debug for project CommunicationMaster ****
make -j32 all 
arm-none-eabi-gcc "../Core/Src/main.c" -mcpu=cortex-m4 -std=gnu11 -g3 -DDEBUG -DUSE_HAL_DRIVER -DSTM32F401xE -c -I../Core/Inc -I../Drivers/STM32F4xx_HAL_Driver/Inc -I../Drivers/STM32F4xx_HAL_Driver/Inc/Legacy -I../Drivers/CMSIS/Device/ST/STM32F4xx/Include -I../Drivers/CMSIS/Include -O0 -ffunction-sections -fdata-sections -Wall -fstack-usage -fcyclomatic-complexity -MMD -MP -MF"Core/Src/main.d" -MT"Core/Src/main.o" --specs=nano.specs -mfpu=fpv4-sp-d16 -mfloat-abi=hard -mthumb -o "Core/Src/main.o"
../Core/Src/main.c: In function 'main':
../Core/Src/main.c:159:5: warning: implicit declaration of function 'memcpy' [-Wimplicit-function-declaration]
  159 |     memcpy(&received_value, buffer1, sizeof(received_value));
      |     ^~~~~~
../Core/Src/main.c:21:1: note: include '<string.h>' or provide a declaration of 'memcpy'
   20 | #include "main.h"
  +++ |+#include <string.h>
   21 | 
../Core/Src/main.c:159:5: warning: incompatible implicit declaration of built-in function 'memcpy' [-Wbuiltin-declaration-mismatch]
  159 |     memcpy(&received_value, buffer1, sizeof(received_value));
      |     ^~~~~~
../Core/Src/main.c:159:5: note: include '<string.h>' or provide a declaration of 'memcpy'
../Core/Src/main.c:161:5: warning: implicit declaration of function 'snprintf' [-Wimplicit-function-declaration]
  161 |     snprintf(buffer, sizeof(buffer), "TDS: %d", received_value);
      |     ^~~~~~~~
../Core/Src/main.c:21:1: note: include '<stdio.h>' or provide a declaration of 'snprintf'
   20 | #include "main.h"
  +++ |+#include <stdio.h>
   21 | 
../Core/Src/main.c:161:5: warning: incompatible implicit declaration of built-in function 'snprintf' [-Wbuiltin-declaration-mismatch]
  161 |     snprintf(buffer, sizeof(buffer), "TDS: %d", received_value);
      |     ^~~~~~~~
../Core/Src/main.c:161:5: note: include '<stdio.h>' or provide a declaration of 'snprintf'
../Core/Src/main.c:162:51: warning: implicit declaration of function 'strlen' [-Wimplicit-function-declaration]
  162 |     HAL_UART_Transmit(&huart2, (uint8_t *)buffer, strlen(buffer), HAL_MAX_DELAY);
      |                                                   ^~~~~~
../Core/Src/main.c:162:51: note: include '<string.h>' or provide a declaration of 'strlen'
../Core/Src/main.c:162:51: warning: incompatible implicit declaration of built-in function 'strlen' [-Wbuiltin-declaration-mismatch]
../Core/Src/main.c:162:51: note: include '<string.h>' or provide a declaration of 'strlen'
../Core/Src/main.c:83:7: warning: unused variable 'rxData' [-Wunused-variable]
   83 |   int rxData; // Store received data
      |       ^~~~~~
../Core/Src/main.c:82:11: warning: variable 'txData' set but not used [-Wunused-but-set-variable]
   82 |   uint8_t txData[2]; // Data to transmit
      |           ^~~~~~
arm-none-eabi-gcc -o "CommunicationMaster.elf" @"objects.list"   -mcpu=cortex-m4 -T"C:\Users\BillL\Desktop\ECE-198-project-main\ECE-198-project-main\Communication\CommunicationMaster\STM32F401RETX_FLASH.ld" --specs=nosys.specs -Wl,-Map="CommunicationMaster.map" -Wl,--gc-sections -static --specs=nano.specs -mfpu=fpv4-sp-d16 -mfloat-abi=hard -mthumb -Wl,--start-group -lc -lm -Wl,--end-group
Finished building target: CommunicationMaster.elf
 
arm-none-eabi-size  CommunicationMaster.elf 
arm-none-eabi-objdump -h -S CommunicationMaster.elf  > "CommunicationMaster.list"
   text	   data	    bss	    dec	    hex	filename
  11876	     92	   2044	  14012	   36bc	CommunicationMaster.elf
Finished building: default.size.stdout
 
Finished building: CommunicationMaster.list
 
00:21:31 **** Incremental Build of configuration Debug for project CommunicationMaster ****
make -j32 all 
arm-none-eabi-gcc "../Core/Src/main.c" -mcpu=cortex-m4 -std=gnu11 -g3 -DDEBUG -DUSE_HAL_DRIVER -DSTM32F401xE -c -I../Core/Inc -I../Drivers/STM32F4xx_HAL_Driver/Inc -I../Drivers/STM32F4xx_HAL_Driver/Inc/Legacy -I../Drivers/CMSIS/Device/ST/STM32F4xx/Include -I../Drivers/CMSIS/Include -O0 -ffunction-sections -fdata-sections -Wall -fstack-usage -fcyclomatic-complexity -MMD -MP -MF"Core/Src/main.d" -MT"Core/Src/main.o" --specs=nano.specs -mfpu=fpv4-sp-d16 -mfloat-abi=hard -mthumb -o "Core/Src/main.o"
../Core/Src/main.c: In function 'main':
../Core/Src/main.c:159:5: warning: implicit declaration of function 'memcpy' [-Wimplicit-function-declaration]
  159 |     memcpy(&received_value, buffer1, sizeof(received_value));
      |     ^~~~~~
../Core/Src/main.c:21:1: note: include '<string.h>' or provide a declaration of 'memcpy'
   20 | #include "main.h"
  +++ |+#include <string.h>
   21 | 
../Core/Src/main.c:159:5: warning: incompatible implicit declaration of built-in function 'memcpy' [-Wbuiltin-declaration-mismatch]
  159 |     memcpy(&received_value, buffer1, sizeof(received_value));
      |     ^~~~~~
../Core/Src/main.c:159:5: note: include '<string.h>' or provide a declaration of 'memcpy'
../Core/Src/main.c:161:5: warning: implicit declaration of function 'snprintf' [-Wimplicit-function-declaration]
  161 |     snprintf(buffer, sizeof(buffer), "TDS: %d", received_value);
      |     ^~~~~~~~
../Core/Src/main.c:21:1: note: include '<stdio.h>' or provide a declaration of 'snprintf'
   20 | #include "main.h"
  +++ |+#include <stdio.h>
   21 | 
../Core/Src/main.c:161:5: warning: incompatible implicit declaration of built-in function 'snprintf' [-Wbuiltin-declaration-mismatch]
  161 |     snprintf(buffer, sizeof(buffer), "TDS: %d", received_value);
      |     ^~~~~~~~
../Core/Src/main.c:161:5: note: include '<stdio.h>' or provide a declaration of 'snprintf'
../Core/Src/main.c:162:51: warning: implicit declaration of function 'strlen' [-Wimplicit-function-declaration]
  162 |     HAL_UART_Transmit(&huart2, (uint8_t *)buffer, strlen(buffer), HAL_MAX_DELAY);
      |                                                   ^~~~~~
../Core/Src/main.c:162:51: note: include '<string.h>' or provide a declaration of 'strlen'
../Core/Src/main.c:162:51: warning: incompatible implicit declaration of built-in function 'strlen' [-Wbuiltin-declaration-mismatch]
../Core/Src/main.c:162:51: note: include '<string.h>' or provide a declaration of 'strlen'
../Core/Src/main.c:83:7: warning: unused variable 'rxData' [-Wunused-variable]
   83 |   int rxData; // Store received data
      |       ^~~~~~
arm-none-eabi-gcc -o "CommunicationMaster.elf" @"objects.list"   -mcpu=cortex-m4 -T"C:\Users\BillL\Desktop\ECE-198-project-main\ECE-198-project-main\Communication\CommunicationMaster\STM32F401RETX_FLASH.ld" --specs=nosys.specs -Wl,-Map="CommunicationMaster.map" -Wl,--gc-sections -static --specs=nano.specs -mfpu=fpv4-sp-d16 -mfloat-abi=hard -mthumb -Wl,--start-group -lc -lm -Wl,--end-group
Finished building target: CommunicationMaster.elf
 
arm-none-eabi-size  CommunicationMaster.elf 
arm-none-eabi-objdump -h -S CommunicationMaster.elf  > "CommunicationMaster.list"
   text	   data	    bss	    dec	    hex	filename
  11892	     92	   2044	  14028	   36cc	CommunicationMaster.elf
Finished building: default.size.stdout
 
Finished building: CommunicationMaster.list
 
00:24:31 **** Incremental Build of configuration Debug for project CommunicationSlave ****
make -j32 all 
arm-none-eabi-gcc "../Core/Src/main.c" -mcpu=cortex-m4 -std=gnu11 -g3 -DDEBUG -DUSE_HAL_DRIVER -DSTM32F401xE -c -I../Core/Inc -I../Drivers/STM32F4xx_HAL_Driver/Inc -I../Drivers/STM32F4xx_HAL_Driver/Inc/Legacy -I../Drivers/CMSIS/Device/ST/STM32F4xx/Include -I../Drivers/CMSIS/Include -O0 -ffunction-sections -fdata-sections -Wall -fstack-usage -fcyclomatic-complexity -MMD -MP -MF"Core/Src/main.d" -MT"Core/Src/main.o" --specs=nano.specs -mfpu=fpv4-sp-d16 -mfloat-abi=hard -mthumb -o "Core/Src/main.o"
../Core/Src/main.c: In function 'main':
../Core/Src/main.c:153:11: warning: implicit declaration of function 'memcpy' [-Wimplicit-function-declaration]
  153 |           memcpy(data, &tdsValue, sizeof(tdsValue)); // ? int ?
      |           ^~~~~~
../Core/Src/main.c:21:1: note: include '<string.h>' or provide a declaration of 'memcpy'
   20 | #include "main.h"
  +++ |+#include <string.h>
   21 | 
../Core/Src/main.c:153:11: warning: incompatible implicit declaration of built-in function 'memcpy' [-Wbuiltin-declaration-mismatch]
  153 |           memcpy(data, &tdsValue, sizeof(tdsValue)); // ? int ?
      |           ^~~~~~
../Core/Src/main.c:153:11: note: include '<string.h>' or provide a declaration of 'memcpy'
../Core/Src/main.c:165:11: warning: implicit declaration of function 'controlBothMotors' [-Wimplicit-function-declaration]
  165 |           controlBothMotors(motor1Direction, motor2Direction);
      |           ^~~~~~~~~~~~~~~~~
../Core/Src/main.c:169:11: warning: implicit declaration of function 'snprintf' [-Wimplicit-function-declaration]
  169 |           snprintf(buffer, sizeof(buffer), "Sent: %d, Received: %d, %d\r\n", tdsValue, rxData[0],rxData[1]);
      |           ^~~~~~~~
../Core/Src/main.c:21:1: note: include '<stdio.h>' or provide a declaration of 'snprintf'
   20 | #include "main.h"
  +++ |+#include <stdio.h>
   21 | 
../Core/Src/main.c:169:11: warning: incompatible implicit declaration of built-in function 'snprintf' [-Wbuiltin-declaration-mismatch]
  169 |           snprintf(buffer, sizeof(buffer), "Sent: %d, Received: %d, %d\r\n", tdsValue, rxData[0],rxData[1]);
      |           ^~~~~~~~
../Core/Src/main.c:169:11: note: include '<stdio.h>' or provide a declaration of 'snprintf'
../Core/Src/main.c:170:57: warning: implicit declaration of function 'strlen' [-Wimplicit-function-declaration]
  170 |           HAL_UART_Transmit(&huart2, (uint8_t *)buffer, strlen(buffer), HAL_MAX_DELAY);
      |                                                         ^~~~~~
../Core/Src/main.c:170:57: note: include '<string.h>' or provide a declaration of 'strlen'
../Core/Src/main.c:170:57: warning: incompatible implicit declaration of built-in function 'strlen' [-Wbuiltin-declaration-mismatch]
../Core/Src/main.c:170:57: note: include '<string.h>' or provide a declaration of 'strlen'
../Core/Src/main.c:136:19: warning: unused variable 'txData' [-Wunused-variable]
  136 |           uint8_t txData[4];
      |                   ^~~~~~
../Core/Src/main.c:93:11: warning: unused variable 'rxData' [-Wunused-variable]
   93 |   uint8_t rxData[2]; // Store received data
      |           ^~~~~~
../Core/Src/main.c:92:11: warning: unused variable 'txData' [-Wunused-variable]
   92 |   uint8_t txData[2]; // Data to transmit
      |           ^~~~~~
../Core/Src/main.c: At top level:
../Core/Src/main.c:441:6: warning: conflicting types for 'controlBothMotors'; have 'void(int,  int)'
  441 | void controlBothMotors(int motor1Direction, int motor2Direction)
      |      ^~~~~~~~~~~~~~~~~
../Core/Src/main.c:165:11: note: previous implicit declaration of 'controlBothMotors' with type 'void(int,  int)'
  165 |           controlBothMotors(motor1Direction, motor2Direction);
      |           ^~~~~~~~~~~~~~~~~
arm-none-eabi-gcc -o "CommunicationSlave.elf" @"objects.list"   -mcpu=cortex-m4 -T"C:\Users\BillL\Desktop\ECE-198-project-main\ECE-198-project-main\Communication\CommunicationSlave\STM32F401RETX_FLASH.ld" --specs=nosys.specs -Wl,-Map="CommunicationSlave.map" -Wl,--gc-sections -static --specs=nano.specs -mfpu=fpv4-sp-d16 -mfloat-abi=hard -mthumb -Wl,--start-group -lc -lm -Wl,--end-group
Finished building target: CommunicationSlave.elf
 
arm-none-eabi-size  CommunicationSlave.elf 
arm-none-eabi-objdump -h -S CommunicationSlave.elf  > "CommunicationSlave.list"
   text	   data	    bss	    dec	    hex	filename
  17008	     92	   2204	  19304	   4b68	CommunicationSlave.elf
Finished building: default.size.stdout
 
Finished building: CommunicationSlave.list
 
00:30:01 **** Incremental Build of configuration Debug for project CommunicationSlave ****
make -j32 all 
arm-none-eabi-gcc "../Core/Src/main.c" -mcpu=cortex-m4 -std=gnu11 -g3 -DDEBUG -DUSE_HAL_DRIVER -DSTM32F401xE -c -I../Core/Inc -I../Drivers/STM32F4xx_HAL_Driver/Inc -I../Drivers/STM32F4xx_HAL_Driver/Inc/Legacy -I../Drivers/CMSIS/Device/ST/STM32F4xx/Include -I../Drivers/CMSIS/Include -O0 -ffunction-sections -fdata-sections -Wall -fstack-usage -fcyclomatic-complexity -MMD -MP -MF"Core/Src/main.d" -MT"Core/Src/main.o" --specs=nano.specs -mfpu=fpv4-sp-d16 -mfloat-abi=hard -mthumb -o "Core/Src/main.o"
../Core/Src/main.c: In function 'main':
../Core/Src/main.c:153:11: warning: implicit declaration of function 'memcpy' [-Wimplicit-function-declaration]
  153 |           memcpy(data, &tdsValue, sizeof(tdsValue)); // ? int ?
      |           ^~~~~~
../Core/Src/main.c:21:1: note: include '<string.h>' or provide a declaration of 'memcpy'
   20 | #include "main.h"
  +++ |+#include <string.h>
   21 | 
../Core/Src/main.c:153:11: warning: incompatible implicit declaration of built-in function 'memcpy' [-Wbuiltin-declaration-mismatch]
  153 |           memcpy(data, &tdsValue, sizeof(tdsValue)); // ? int ?
      |           ^~~~~~
../Core/Src/main.c:153:11: note: include '<string.h>' or provide a declaration of 'memcpy'
../Core/Src/main.c:169:11: warning: implicit declaration of function 'snprintf' [-Wimplicit-function-declaration]
  169 |           snprintf(buffer, sizeof(buffer), "Sent: %d, Received: %d, %d\r\n", tdsValue, motor1Direction,motor2Direction);
      |           ^~~~~~~~
../Core/Src/main.c:21:1: note: include '<stdio.h>' or provide a declaration of 'snprintf'
   20 | #include "main.h"
  +++ |+#include <stdio.h>
   21 | 
../Core/Src/main.c:169:11: warning: incompatible implicit declaration of built-in function 'snprintf' [-Wbuiltin-declaration-mismatch]
  169 |           snprintf(buffer, sizeof(buffer), "Sent: %d, Received: %d, %d\r\n", tdsValue, motor1Direction,motor2Direction);
      |           ^~~~~~~~
../Core/Src/main.c:169:11: note: include '<stdio.h>' or provide a declaration of 'snprintf'
../Core/Src/main.c:170:57: warning: implicit declaration of function 'strlen' [-Wimplicit-function-declaration]
  170 |           HAL_UART_Transmit(&huart2, (uint8_t *)buffer, strlen(buffer), HAL_MAX_DELAY);
      |                                                         ^~~~~~
../Core/Src/main.c:170:57: note: include '<string.h>' or provide a declaration of 'strlen'
../Core/Src/main.c:170:57: warning: incompatible implicit declaration of built-in function 'strlen' [-Wbuiltin-declaration-mismatch]
../Core/Src/main.c:170:57: note: include '<string.h>' or provide a declaration of 'strlen'
../Core/Src/main.c:136:19: warning: unused variable 'txData' [-Wunused-variable]
  136 |           uint8_t txData[4];
      |                   ^~~~~~
../Core/Src/main.c:93:11: warning: unused variable 'rxData' [-Wunused-variable]
   93 |   uint8_t rxData[2]; // Store received data
      |           ^~~~~~
../Core/Src/main.c:92:11: warning: unused variable 'txData' [-Wunused-variable]
   92 |   uint8_t txData[2]; // Data to transmit
      |           ^~~~~~
arm-none-eabi-gcc -o "CommunicationSlave.elf" @"objects.list"   -mcpu=cortex-m4 -T"C:\Users\BillL\Desktop\ECE-198-project-main\ECE-198-project-main\Communication\CommunicationSlave\STM32F401RETX_FLASH.ld" --specs=nosys.specs -Wl,-Map="CommunicationSlave.map" -Wl,--gc-sections -static --specs=nano.specs -mfpu=fpv4-sp-d16 -mfloat-abi=hard -mthumb -Wl,--start-group -lc -lm -Wl,--end-group
Finished building target: CommunicationSlave.elf
 
arm-none-eabi-size  CommunicationSlave.elf 
arm-none-eabi-objdump -h -S CommunicationSlave.elf  > "CommunicationSlave.list"
   text	   data	    bss	    dec	    hex	filename
  16800	     92	   2204	  19096	   4a98	CommunicationSlave.elf
Finished building: default.size.stdout
 
Finished building: CommunicationSlave.list
 
00:31:49 **** Incremental Build of configuration Debug for project CommunicationSlave ****
make -j32 all 
arm-none-eabi-gcc "../Core/Src/main.c" -mcpu=cortex-m4 -std=gnu11 -g3 -DDEBUG -DUSE_HAL_DRIVER -DSTM32F401xE -c -I../Core/Inc -I../Drivers/STM32F4xx_HAL_Driver/Inc -I../Drivers/STM32F4xx_HAL_Driver/Inc/Legacy -I../Drivers/CMSIS/Device/ST/STM32F4xx/Include -I../Drivers/CMSIS/Include -O0 -ffunction-sections -fdata-sections -Wall -fstack-usage -fcyclomatic-complexity -MMD -MP -MF"Core/Src/main.d" -MT"Core/Src/main.o" --specs=nano.specs -mfpu=fpv4-sp-d16 -mfloat-abi=hard -mthumb -o "Core/Src/main.o"
../Core/Src/main.c: In function 'main':
../Core/Src/main.c:153:11: warning: implicit declaration of function 'memcpy' [-Wimplicit-function-declaration]
  153 |           memcpy(data, &tdsValue, sizeof(tdsValue)); // ? int ?
      |           ^~~~~~
../Core/Src/main.c:21:1: note: include '<string.h>' or provide a declaration of 'memcpy'
   20 | #include "main.h"
  +++ |+#include <string.h>
   21 | 
../Core/Src/main.c:153:11: warning: incompatible implicit declaration of built-in function 'memcpy' [-Wbuiltin-declaration-mismatch]
  153 |           memcpy(data, &tdsValue, sizeof(tdsValue)); // ? int ?
      |           ^~~~~~
../Core/Src/main.c:153:11: note: include '<string.h>' or provide a declaration of 'memcpy'
../Core/Src/main.c:169:11: warning: implicit declaration of function 'snprintf' [-Wimplicit-function-declaration]
  169 |           snprintf(buffer, sizeof(buffer), "Sent: %d, Received: %d, %d\r\n", tdsValue, motor1Direction,motor2Direction);
      |           ^~~~~~~~
../Core/Src/main.c:21:1: note: include '<stdio.h>' or provide a declaration of 'snprintf'
   20 | #include "main.h"
  +++ |+#include <stdio.h>
   21 | 
../Core/Src/main.c:169:11: warning: incompatible implicit declaration of built-in function 'snprintf' [-Wbuiltin-declaration-mismatch]
  169 |           snprintf(buffer, sizeof(buffer), "Sent: %d, Received: %d, %d\r\n", tdsValue, motor1Direction,motor2Direction);
      |           ^~~~~~~~
../Core/Src/main.c:169:11: note: include '<stdio.h>' or provide a declaration of 'snprintf'
../Core/Src/main.c:170:57: warning: implicit declaration of function 'strlen' [-Wimplicit-function-declaration]
  170 |           HAL_UART_Transmit(&huart2, (uint8_t *)buffer, strlen(buffer), HAL_MAX_DELAY);
      |                                                         ^~~~~~
../Core/Src/main.c:170:57: note: include '<string.h>' or provide a declaration of 'strlen'
../Core/Src/main.c:170:57: warning: incompatible implicit declaration of built-in function 'strlen' [-Wbuiltin-declaration-mismatch]
../Core/Src/main.c:170:57: note: include '<string.h>' or provide a declaration of 'strlen'
../Core/Src/main.c:136:19: warning: unused variable 'txData' [-Wunused-variable]
  136 |           uint8_t txData[4];
      |                   ^~~~~~
../Core/Src/main.c:93:11: warning: unused variable 'rxData' [-Wunused-variable]
   93 |   uint8_t rxData[2]; // Store received data
      |           ^~~~~~
../Core/Src/main.c:92:11: warning: unused variable 'txData' [-Wunused-variable]
   92 |   uint8_t txData[2]; // Data to transmit
      |           ^~~~~~
arm-none-eabi-gcc -o "CommunicationSlave.elf" @"objects.list"   -mcpu=cortex-m4 -T"C:\Users\BillL\Desktop\ECE-198-project-main\ECE-198-project-main\Communication\CommunicationSlave\STM32F401RETX_FLASH.ld" --specs=nosys.specs -Wl,-Map="CommunicationSlave.map" -Wl,--gc-sections -static --specs=nano.specs -mfpu=fpv4-sp-d16 -mfloat-abi=hard -mthumb -Wl,--start-group -lc -lm -Wl,--end-group
Finished building target: CommunicationSlave.elf
 
arm-none-eabi-size  CommunicationSlave.elf 
arm-none-eabi-objdump -h -S CommunicationSlave.elf  > "CommunicationSlave.list"
   text	   data	    bss	    dec	    hex	filename
  16808	     92	   2204	  19104	   4aa0	CommunicationSlave.elf
Finished building: default.size.stdout
 
Finished building: CommunicationSlave.list
 
00:34:10 **** Incremental Build of configuration Debug for project CommunicationMaster ****
make -j32 all 
arm-none-eabi-gcc "../Core/Src/main.c" -mcpu=cortex-m4 -std=gnu11 -g3 -DDEBUG -DUSE_HAL_DRIVER -DSTM32F401xE -c -I../Core/Inc -I../Drivers/STM32F4xx_HAL_Driver/Inc -I../Drivers/STM32F4xx_HAL_Driver/Inc/Legacy -I../Drivers/CMSIS/Device/ST/STM32F4xx/Include -I../Drivers/CMSIS/Include -O0 -ffunction-sections -fdata-sections -Wall -fstack-usage -fcyclomatic-complexity -MMD -MP -MF"Core/Src/main.d" -MT"Core/Src/main.o" --specs=nano.specs -mfpu=fpv4-sp-d16 -mfloat-abi=hard -mthumb -o "Core/Src/main.o"
../Core/Src/main.c: In function 'main':
../Core/Src/main.c:112:35: warning: passing argument 2 of 'HAL_UART_Receive' makes pointer from integer without a cast [-Wint-conversion]
  112 |     if (HAL_UART_Receive(&huart2, inputChar, 1, HAL_MAX_DELAY) == HAL_OK)
      |                                   ^~~~~~~~~
      |                                   |
      |                                   char
In file included from ../Core/Inc/stm32f4xx_hal_conf.h:411,
                 from ../Drivers/STM32F4xx_HAL_Driver/Inc/stm32f4xx_hal.h:29,
                 from ../Core/Inc/main.h:30,
                 from ../Core/Src/main.c:20:
../Drivers/STM32F4xx_HAL_Driver/Inc/stm32f4xx_hal_uart.h:746:72: note: expected 'uint8_t *' {aka 'unsigned char *'} but argument is of type 'char'
  746 | HAL_StatusTypeDef HAL_UART_Receive(UART_HandleTypeDef *huart, uint8_t *pData, uint16_t Size, uint32_t Timeout);
      |                                                               ~~~~~~~~~^~~~~
../Core/Src/main.c:159:5: warning: implicit declaration of function 'memcpy' [-Wimplicit-function-declaration]
  159 |     memcpy(&received_value, buffer1, sizeof(received_value));
      |     ^~~~~~
../Core/Src/main.c:21:1: note: include '<string.h>' or provide a declaration of 'memcpy'
   20 | #include "main.h"
  +++ |+#include <string.h>
   21 | 
../Core/Src/main.c:159:5: warning: incompatible implicit declaration of built-in function 'memcpy' [-Wbuiltin-declaration-mismatch]
  159 |     memcpy(&received_value, buffer1, sizeof(received_value));
      |     ^~~~~~
../Core/Src/main.c:159:5: note: include '<string.h>' or provide a declaration of 'memcpy'
../Core/Src/main.c:161:5: warning: implicit declaration of function 'snprintf' [-Wimplicit-function-declaration]
  161 |     snprintf(buffer, sizeof(buffer), "TDS: %d", received_value);
      |     ^~~~~~~~
../Core/Src/main.c:21:1: note: include '<stdio.h>' or provide a declaration of 'snprintf'
   20 | #include "main.h"
  +++ |+#include <stdio.h>
   21 | 
../Core/Src/main.c:161:5: warning: incompatible implicit declaration of built-in function 'snprintf' [-Wbuiltin-declaration-mismatch]
  161 |     snprintf(buffer, sizeof(buffer), "TDS: %d", received_value);
      |     ^~~~~~~~
../Core/Src/main.c:161:5: note: include '<stdio.h>' or provide a declaration of 'snprintf'
../Core/Src/main.c:162:51: warning: implicit declaration of function 'strlen' [-Wimplicit-function-declaration]
  162 |     HAL_UART_Transmit(&huart2, (uint8_t *)buffer, strlen(buffer), HAL_MAX_DELAY);
      |                                                   ^~~~~~
../Core/Src/main.c:162:51: note: include '<string.h>' or provide a declaration of 'strlen'
../Core/Src/main.c:162:51: warning: incompatible implicit declaration of built-in function 'strlen' [-Wbuiltin-declaration-mismatch]
../Core/Src/main.c:162:51: note: include '<string.h>' or provide a declaration of 'strlen'
../Core/Src/main.c:83:7: warning: unused variable 'rxData' [-Wunused-variable]
   83 |   int rxData; // Store received data
      |       ^~~~~~
../Core/Src/main.c:112:9: warning: 'inputChar' is used uninitialized [-Wuninitialized]
  112 |     if (HAL_UART_Receive(&huart2, inputChar, 1, HAL_MAX_DELAY) == HAL_OK)
      |         ^~~~~~~~~~~~~~~~~~~~~~~~~~~~~~~~~~~~~~~~~~~~~~~~~~~~~~
../Core/Src/main.c:85:8: note: 'inputChar' was declared here
   85 |   char inputChar;
      |        ^~~~~~~~~
arm-none-eabi-gcc -o "CommunicationMaster.elf" @"objects.list"   -mcpu=cortex-m4 -T"C:\Users\BillL\Desktop\ECE-198-project-main\ECE-198-project-main\Communication\CommunicationMaster\STM32F401RETX_FLASH.ld" --specs=nosys.specs -Wl,-Map="CommunicationMaster.map" -Wl,--gc-sections -static --specs=nano.specs -mfpu=fpv4-sp-d16 -mfloat-abi=hard -mthumb -Wl,--start-group -lc -lm -Wl,--end-group
Finished building target: CommunicationMaster.elf
 
arm-none-eabi-size  CommunicationMaster.elf 
arm-none-eabi-objdump -h -S CommunicationMaster.elf  > "CommunicationMaster.list"
   text	   data	    bss	    dec	    hex	filename
  11896	     92	   2044	  14032	   36d0	CommunicationMaster.elf
Finished building: default.size.stdout
 
Finished building: CommunicationMaster.list
 
00:35:52 **** Incremental Build of configuration Debug for project CommunicationMaster ****
make -j32 all 
arm-none-eabi-gcc "../Core/Src/main.c" -mcpu=cortex-m4 -std=gnu11 -g3 -DDEBUG -DUSE_HAL_DRIVER -DSTM32F401xE -c -I../Core/Inc -I../Drivers/STM32F4xx_HAL_Driver/Inc -I../Drivers/STM32F4xx_HAL_Driver/Inc/Legacy -I../Drivers/CMSIS/Device/ST/STM32F4xx/Include -I../Drivers/CMSIS/Include -O0 -ffunction-sections -fdata-sections -Wall -fstack-usage -fcyclomatic-complexity -MMD -MP -MF"Core/Src/main.d" -MT"Core/Src/main.o" --specs=nano.specs -mfpu=fpv4-sp-d16 -mfloat-abi=hard -mthumb -o "Core/Src/main.o"
../Core/Src/main.c: In function 'main':
../Core/Src/main.c:112:35: warning: passing argument 2 of 'HAL_UART_Receive' makes pointer from integer without a cast [-Wint-conversion]
  112 |     if (HAL_UART_Receive(&huart2, inputChar, 1, HAL_MAX_DELAY) == HAL_OK)
      |                                   ^~~~~~~~~
      |                                   |
      |                                   char
In file included from ../Core/Inc/stm32f4xx_hal_conf.h:411,
                 from ../Drivers/STM32F4xx_HAL_Driver/Inc/stm32f4xx_hal.h:29,
                 from ../Core/Inc/main.h:30,
                 from ../Core/Src/main.c:20:
../Drivers/STM32F4xx_HAL_Driver/Inc/stm32f4xx_hal_uart.h:746:72: note: expected 'uint8_t *' {aka 'unsigned char *'} but argument is of type 'char'
  746 | HAL_StatusTypeDef HAL_UART_Receive(UART_HandleTypeDef *huart, uint8_t *pData, uint16_t Size, uint32_t Timeout);
      |                                                               ~~~~~~~~~^~~~~
../Core/Src/main.c:159:5: warning: implicit declaration of function 'memcpy' [-Wimplicit-function-declaration]
  159 |     memcpy(&received_value, buffer1, sizeof(received_value));
      |     ^~~~~~
../Core/Src/main.c:21:1: note: include '<string.h>' or provide a declaration of 'memcpy'
   20 | #include "main.h"
  +++ |+#include <string.h>
   21 | 
../Core/Src/main.c:159:5: warning: incompatible implicit declaration of built-in function 'memcpy' [-Wbuiltin-declaration-mismatch]
  159 |     memcpy(&received_value, buffer1, sizeof(received_value));
      |     ^~~~~~
../Core/Src/main.c:159:5: note: include '<string.h>' or provide a declaration of 'memcpy'
../Core/Src/main.c:161:5: warning: implicit declaration of function 'snprintf' [-Wimplicit-function-declaration]
  161 |     snprintf(buffer, sizeof(buffer), "TDS: %d, MOTION: %d, %d", received_value, motor1Direction, motor2Direction);
      |     ^~~~~~~~
../Core/Src/main.c:21:1: note: include '<stdio.h>' or provide a declaration of 'snprintf'
   20 | #include "main.h"
  +++ |+#include <stdio.h>
   21 | 
../Core/Src/main.c:161:5: warning: incompatible implicit declaration of built-in function 'snprintf' [-Wbuiltin-declaration-mismatch]
  161 |     snprintf(buffer, sizeof(buffer), "TDS: %d, MOTION: %d, %d", received_value, motor1Direction, motor2Direction);
      |     ^~~~~~~~
../Core/Src/main.c:161:5: note: include '<stdio.h>' or provide a declaration of 'snprintf'
../Core/Src/main.c:162:51: warning: implicit declaration of function 'strlen' [-Wimplicit-function-declaration]
  162 |     HAL_UART_Transmit(&huart2, (uint8_t *)buffer, strlen(buffer), HAL_MAX_DELAY);
      |                                                   ^~~~~~
../Core/Src/main.c:162:51: note: include '<string.h>' or provide a declaration of 'strlen'
../Core/Src/main.c:162:51: warning: incompatible implicit declaration of built-in function 'strlen' [-Wbuiltin-declaration-mismatch]
../Core/Src/main.c:162:51: note: include '<string.h>' or provide a declaration of 'strlen'
../Core/Src/main.c:83:7: warning: unused variable 'rxData' [-Wunused-variable]
   83 |   int rxData; // Store received data
      |       ^~~~~~
../Core/Src/main.c:112:9: warning: 'inputChar' is used uninitialized [-Wuninitialized]
  112 |     if (HAL_UART_Receive(&huart2, inputChar, 1, HAL_MAX_DELAY) == HAL_OK)
      |         ^~~~~~~~~~~~~~~~~~~~~~~~~~~~~~~~~~~~~~~~~~~~~~~~~~~~~~
../Core/Src/main.c:85:8: note: 'inputChar' was declared here
   85 |   char inputChar;
      |        ^~~~~~~~~
arm-none-eabi-gcc -o "CommunicationMaster.elf" @"objects.list"   -mcpu=cortex-m4 -T"C:\Users\BillL\Desktop\ECE-198-project-main\ECE-198-project-main\Communication\CommunicationMaster\STM32F401RETX_FLASH.ld" --specs=nosys.specs -Wl,-Map="CommunicationMaster.map" -Wl,--gc-sections -static --specs=nano.specs -mfpu=fpv4-sp-d16 -mfloat-abi=hard -mthumb -Wl,--start-group -lc -lm -Wl,--end-group
Finished building target: CommunicationMaster.elf
 
arm-none-eabi-size  CommunicationMaster.elf 
arm-none-eabi-objdump -h -S CommunicationMaster.elf  > "CommunicationMaster.list"
   text	   data	    bss	    dec	    hex	filename
  11920	     92	   2044	  14056	   36e8	CommunicationMaster.elf
Finished building: default.size.stdout
 
Finished building: CommunicationMaster.list
 
00:39:26 **** Incremental Build of configuration Debug for project CommunicationMaster ****
make -j32 all 
arm-none-eabi-gcc "../Core/Src/main.c" -mcpu=cortex-m4 -std=gnu11 -g3 -DDEBUG -DUSE_HAL_DRIVER -DSTM32F401xE -c -I../Core/Inc -I../Drivers/STM32F4xx_HAL_Driver/Inc -I../Drivers/STM32F4xx_HAL_Driver/Inc/Legacy -I../Drivers/CMSIS/Device/ST/STM32F4xx/Include -I../Drivers/CMSIS/Include -O0 -ffunction-sections -fdata-sections -Wall -fstack-usage -fcyclomatic-complexity -MMD -MP -MF"Core/Src/main.d" -MT"Core/Src/main.o" --specs=nano.specs -mfpu=fpv4-sp-d16 -mfloat-abi=hard -mthumb -o "Core/Src/main.o"
../Core/Src/main.c: In function 'main':
../Core/Src/main.c:112:35: warning: passing argument 2 of 'HAL_UART_Receive' makes pointer from integer without a cast [-Wint-conversion]
  112 |     if (HAL_UART_Receive(&huart2, inputChar, 1, HAL_MAX_DELAY) == HAL_OK)
      |                                   ^~~~~~~~~
      |                                   |
      |                                   char
In file included from ../Core/Inc/stm32f4xx_hal_conf.h:411,
                 from ../Drivers/STM32F4xx_HAL_Driver/Inc/stm32f4xx_hal.h:29,
                 from ../Core/Inc/main.h:30,
                 from ../Core/Src/main.c:20:
../Drivers/STM32F4xx_HAL_Driver/Inc/stm32f4xx_hal_uart.h:746:72: note: expected 'uint8_t *' {aka 'unsigned char *'} but argument is of type 'char'
  746 | HAL_StatusTypeDef HAL_UART_Receive(UART_HandleTypeDef *huart, uint8_t *pData, uint16_t Size, uint32_t Timeout);
      |                                                               ~~~~~~~~~^~~~~
../Core/Src/main.c:175:5: warning: implicit declaration of function 'memcpy' [-Wimplicit-function-declaration]
  175 |     memcpy(&received_value, buffer1, sizeof(received_value));
      |     ^~~~~~
../Core/Src/main.c:21:1: note: include '<string.h>' or provide a declaration of 'memcpy'
   20 | #include "main.h"
  +++ |+#include <string.h>
   21 | 
../Core/Src/main.c:175:5: warning: incompatible implicit declaration of built-in function 'memcpy' [-Wbuiltin-declaration-mismatch]
  175 |     memcpy(&received_value, buffer1, sizeof(received_value));
      |     ^~~~~~
../Core/Src/main.c:175:5: note: include '<string.h>' or provide a declaration of 'memcpy'
../Core/Src/main.c:177:5: warning: implicit declaration of function 'snprintf' [-Wimplicit-function-declaration]
  177 |     snprintf(buffer, sizeof(buffer), "TDS: %d, MOTION: %d, %d", received_value, motor1Direction, motor2Direction);
      |     ^~~~~~~~
../Core/Src/main.c:21:1: note: include '<stdio.h>' or provide a declaration of 'snprintf'
   20 | #include "main.h"
  +++ |+#include <stdio.h>
   21 | 
../Core/Src/main.c:177:5: warning: incompatible implicit declaration of built-in function 'snprintf' [-Wbuiltin-declaration-mismatch]
  177 |     snprintf(buffer, sizeof(buffer), "TDS: %d, MOTION: %d, %d", received_value, motor1Direction, motor2Direction);
      |     ^~~~~~~~
../Core/Src/main.c:177:5: note: include '<stdio.h>' or provide a declaration of 'snprintf'
../Core/Src/main.c:178:51: warning: implicit declaration of function 'strlen' [-Wimplicit-function-declaration]
  178 |     HAL_UART_Transmit(&huart2, (uint8_t *)buffer, strlen(buffer), HAL_MAX_DELAY);
      |                                                   ^~~~~~
../Core/Src/main.c:178:51: note: include '<string.h>' or provide a declaration of 'strlen'
../Core/Src/main.c:178:51: warning: incompatible implicit declaration of built-in function 'strlen' [-Wbuiltin-declaration-mismatch]
../Core/Src/main.c:178:51: note: include '<string.h>' or provide a declaration of 'strlen'
../Core/Src/main.c:83:7: warning: unused variable 'rxData' [-Wunused-variable]
   83 |   int rxData; // Store received data
      |       ^~~~~~
../Core/Src/main.c:112:9: warning: 'inputChar' is used uninitialized [-Wuninitialized]
  112 |     if (HAL_UART_Receive(&huart2, inputChar, 1, HAL_MAX_DELAY) == HAL_OK)
      |         ^~~~~~~~~~~~~~~~~~~~~~~~~~~~~~~~~~~~~~~~~~~~~~~~~~~~~~
../Core/Src/main.c:85:8: note: 'inputChar' was declared here
   85 |   char inputChar;
      |        ^~~~~~~~~
arm-none-eabi-gcc -o "CommunicationMaster.elf" @"objects.list"   -mcpu=cortex-m4 -T"C:\Users\BillL\Desktop\ECE-198-project-main\ECE-198-project-main\Communication\CommunicationMaster\STM32F401RETX_FLASH.ld" --specs=nosys.specs -Wl,-Map="CommunicationMaster.map" -Wl,--gc-sections -static --specs=nano.specs -mfpu=fpv4-sp-d16 -mfloat-abi=hard -mthumb -Wl,--start-group -lc -lm -Wl,--end-group
Finished building target: CommunicationMaster.elf
 
arm-none-eabi-size  CommunicationMaster.elf 
arm-none-eabi-objdump -h -S CommunicationMaster.elf  > "CommunicationMaster.list"
   text	   data	    bss	    dec	    hex	filename
  11848	     92	   2044	  13984	   36a0	CommunicationMaster.elf
Finished building: default.size.stdout
 
Finished building: CommunicationMaster.list
 
00:40:27 **** Incremental Build of configuration Debug for project CommunicationMaster ****
make -j32 all 
arm-none-eabi-gcc "../Core/Src/main.c" -mcpu=cortex-m4 -std=gnu11 -g3 -DDEBUG -DUSE_HAL_DRIVER -DSTM32F401xE -c -I../Core/Inc -I../Drivers/STM32F4xx_HAL_Driver/Inc -I../Drivers/STM32F4xx_HAL_Driver/Inc/Legacy -I../Drivers/CMSIS/Device/ST/STM32F4xx/Include -I../Drivers/CMSIS/Include -O0 -ffunction-sections -fdata-sections -Wall -fstack-usage -fcyclomatic-complexity -MMD -MP -MF"Core/Src/main.d" -MT"Core/Src/main.o" --specs=nano.specs -mfpu=fpv4-sp-d16 -mfloat-abi=hard -mthumb -o "Core/Src/main.o"
../Core/Src/main.c: In function 'main':
../Core/Src/main.c:112:35: warning: passing argument 2 of 'HAL_UART_Receive' makes pointer from integer without a cast [-Wint-conversion]
  112 |     if (HAL_UART_Receive(&huart2, inputChar, 1, HAL_MAX_DELAY) == HAL_OK)
      |                                   ^~~~~~~~~
      |                                   |
      |                                   char
In file included from ../Core/Inc/stm32f4xx_hal_conf.h:411,
                 from ../Drivers/STM32F4xx_HAL_Driver/Inc/stm32f4xx_hal.h:29,
                 from ../Core/Inc/main.h:30,
                 from ../Core/Src/main.c:20:
../Drivers/STM32F4xx_HAL_Driver/Inc/stm32f4xx_hal_uart.h:746:72: note: expected 'uint8_t *' {aka 'unsigned char *'} but argument is of type 'char'
  746 | HAL_StatusTypeDef HAL_UART_Receive(UART_HandleTypeDef *huart, uint8_t *pData, uint16_t Size, uint32_t Timeout);
      |                                                               ~~~~~~~~~^~~~~
../Core/Src/main.c:175:5: warning: implicit declaration of function 'memcpy' [-Wimplicit-function-declaration]
  175 |     memcpy(&received_value, buffer1, sizeof(received_value));
      |     ^~~~~~
../Core/Src/main.c:21:1: note: include '<string.h>' or provide a declaration of 'memcpy'
   20 | #include "main.h"
  +++ |+#include <string.h>
   21 | 
../Core/Src/main.c:175:5: warning: incompatible implicit declaration of built-in function 'memcpy' [-Wbuiltin-declaration-mismatch]
  175 |     memcpy(&received_value, buffer1, sizeof(received_value));
      |     ^~~~~~
../Core/Src/main.c:175:5: note: include '<string.h>' or provide a declaration of 'memcpy'
../Core/Src/main.c:177:5: warning: implicit declaration of function 'snprintf' [-Wimplicit-function-declaration]
  177 |     snprintf(buffer, sizeof(buffer), "TDS: %d, MOTION: %d, %d", received_value, motor1Direction, motor2Direction);
      |     ^~~~~~~~
../Core/Src/main.c:21:1: note: include '<stdio.h>' or provide a declaration of 'snprintf'
   20 | #include "main.h"
  +++ |+#include <stdio.h>
   21 | 
../Core/Src/main.c:177:5: warning: incompatible implicit declaration of built-in function 'snprintf' [-Wbuiltin-declaration-mismatch]
  177 |     snprintf(buffer, sizeof(buffer), "TDS: %d, MOTION: %d, %d", received_value, motor1Direction, motor2Direction);
      |     ^~~~~~~~
../Core/Src/main.c:177:5: note: include '<stdio.h>' or provide a declaration of 'snprintf'
../Core/Src/main.c:178:51: warning: implicit declaration of function 'strlen' [-Wimplicit-function-declaration]
  178 |     HAL_UART_Transmit(&huart2, (uint8_t *)buffer, strlen(buffer), HAL_MAX_DELAY);
      |                                                   ^~~~~~
../Core/Src/main.c:178:51: note: include '<string.h>' or provide a declaration of 'strlen'
../Core/Src/main.c:178:51: warning: incompatible implicit declaration of built-in function 'strlen' [-Wbuiltin-declaration-mismatch]
../Core/Src/main.c:178:51: note: include '<string.h>' or provide a declaration of 'strlen'
../Core/Src/main.c:83:7: warning: unused variable 'rxData' [-Wunused-variable]
   83 |   int rxData; // Store received data
      |       ^~~~~~
../Core/Src/main.c:112:9: warning: 'inputChar' is used uninitialized [-Wuninitialized]
  112 |     if (HAL_UART_Receive(&huart2, inputChar, 1, HAL_MAX_DELAY) == HAL_OK)
      |         ^~~~~~~~~~~~~~~~~~~~~~~~~~~~~~~~~~~~~~~~~~~~~~~~~~~~~~
../Core/Src/main.c:85:8: note: 'inputChar' was declared here
   85 |   char inputChar;
      |        ^~~~~~~~~
arm-none-eabi-gcc -o "CommunicationMaster.elf" @"objects.list"   -mcpu=cortex-m4 -T"C:\Users\BillL\Desktop\ECE-198-project-main\ECE-198-project-main\Communication\CommunicationMaster\STM32F401RETX_FLASH.ld" --specs=nosys.specs -Wl,-Map="CommunicationMaster.map" -Wl,--gc-sections -static --specs=nano.specs -mfpu=fpv4-sp-d16 -mfloat-abi=hard -mthumb -Wl,--start-group -lc -lm -Wl,--end-group
Finished building target: CommunicationMaster.elf
 
arm-none-eabi-size  CommunicationMaster.elf 
arm-none-eabi-objdump -h -S CommunicationMaster.elf  > "CommunicationMaster.list"
   text	   data	    bss	    dec	    hex	filename
  11848	     92	   2044	  13984	   36a0	CommunicationMaster.elf
Finished building: default.size.stdout
 
Finished building: CommunicationMaster.list
 
00:41:57 **** Incremental Build of configuration Debug for project CommunicationMaster ****
make -j32 all 
arm-none-eabi-gcc "../Core/Src/main.c" -mcpu=cortex-m4 -std=gnu11 -g3 -DDEBUG -DUSE_HAL_DRIVER -DSTM32F401xE -c -I../Core/Inc -I../Drivers/STM32F4xx_HAL_Driver/Inc -I../Drivers/STM32F4xx_HAL_Driver/Inc/Legacy -I../Drivers/CMSIS/Device/ST/STM32F4xx/Include -I../Drivers/CMSIS/Include -O0 -ffunction-sections -fdata-sections -Wall -fstack-usage -fcyclomatic-complexity -MMD -MP -MF"Core/Src/main.d" -MT"Core/Src/main.o" --specs=nano.specs -mfpu=fpv4-sp-d16 -mfloat-abi=hard -mthumb -o "Core/Src/main.o"
../Core/Src/main.c: In function 'main':
../Core/Src/main.c:175:5: warning: implicit declaration of function 'memcpy' [-Wimplicit-function-declaration]
  175 |     memcpy(&received_value, buffer1, sizeof(received_value));
      |     ^~~~~~
../Core/Src/main.c:21:1: note: include '<string.h>' or provide a declaration of 'memcpy'
   20 | #include "main.h"
  +++ |+#include <string.h>
   21 | 
../Core/Src/main.c:175:5: warning: incompatible implicit declaration of built-in function 'memcpy' [-Wbuiltin-declaration-mismatch]
  175 |     memcpy(&received_value, buffer1, sizeof(received_value));
      |     ^~~~~~
../Core/Src/main.c:175:5: note: include '<string.h>' or provide a declaration of 'memcpy'
../Core/Src/main.c:177:5: warning: implicit declaration of function 'snprintf' [-Wimplicit-function-declaration]
  177 |     snprintf(buffer, sizeof(buffer), "TDS: %d, MOTION: %d, %d", received_value, motor1Direction, motor2Direction);
      |     ^~~~~~~~
../Core/Src/main.c:21:1: note: include '<stdio.h>' or provide a declaration of 'snprintf'
   20 | #include "main.h"
  +++ |+#include <stdio.h>
   21 | 
../Core/Src/main.c:177:5: warning: incompatible implicit declaration of built-in function 'snprintf' [-Wbuiltin-declaration-mismatch]
  177 |     snprintf(buffer, sizeof(buffer), "TDS: %d, MOTION: %d, %d", received_value, motor1Direction, motor2Direction);
      |     ^~~~~~~~
../Core/Src/main.c:177:5: note: include '<stdio.h>' or provide a declaration of 'snprintf'
../Core/Src/main.c:178:51: warning: implicit declaration of function 'strlen' [-Wimplicit-function-declaration]
  178 |     HAL_UART_Transmit(&huart2, (uint8_t *)buffer, strlen(buffer), HAL_MAX_DELAY);
      |                                                   ^~~~~~
../Core/Src/main.c:178:51: note: include '<string.h>' or provide a declaration of 'strlen'
../Core/Src/main.c:178:51: warning: incompatible implicit declaration of built-in function 'strlen' [-Wbuiltin-declaration-mismatch]
../Core/Src/main.c:178:51: note: include '<string.h>' or provide a declaration of 'strlen'
../Core/Src/main.c:83:7: warning: unused variable 'rxData' [-Wunused-variable]
   83 |   int rxData; // Store received data
      |       ^~~~~~
arm-none-eabi-gcc -o "CommunicationMaster.elf" @"objects.list"   -mcpu=cortex-m4 -T"C:\Users\BillL\Desktop\ECE-198-project-main\ECE-198-project-main\Communication\CommunicationMaster\STM32F401RETX_FLASH.ld" --specs=nosys.specs -Wl,-Map="CommunicationMaster.map" -Wl,--gc-sections -static --specs=nano.specs -mfpu=fpv4-sp-d16 -mfloat-abi=hard -mthumb -Wl,--start-group -lc -lm -Wl,--end-group
Finished building target: CommunicationMaster.elf
 
arm-none-eabi-size  CommunicationMaster.elf 
arm-none-eabi-objdump -h -S CommunicationMaster.elf  > "CommunicationMaster.list"
   text	   data	    bss	    dec	    hex	filename
  11848	     92	   2044	  13984	   36a0	CommunicationMaster.elf
Finished building: default.size.stdout
 
Finished building: CommunicationMaster.list
 
